<?xml version="1.0" encoding="UTF-8"?>
<!-- Generated by org.testng.reporters.JUnitXMLReporter -->
<testsuite ignored="0" hostname="LTCZ0129" failures="1" tests="1" name="Default test" time="74.962" errors="0" timestamp="2023-05-16T13:15:22 IST">
  <testcase classname="com.qa.ewl.tests.CreateBookingTest" name="createNewBooking" time="61.316">
    <failure type="com.microsoft.playwright.TimeoutError" message="Error {
  message=&amp;apos;Timeout 30000ms exceeded.
=========================== logs ===========================
waiting for locator(&amp;quot;xpath=//button[@color=&amp;apos;warn&amp;apos;]&amp;quot;)
  locator resolved to 2 elements. Proceeding with the first one: &amp;lt;button color=&amp;quot;warn&amp;quot; mat-mini-fab=&amp;quot;&amp;quot; _ngcontent-roo-c721…&amp;gt;…&amp;lt;/button&amp;gt;
attempting click action
  waiting for element to be visible, enabled and stable
  element is visible, enabled and stable
  scrolling into view if needed
  done scrolling
  &amp;lt;div class=&amp;quot;cdk-overlay-backdrop cdk-overlay-dark-bac…&amp;gt;&amp;lt;/div&amp;gt; from &amp;lt;div class=&amp;quot;cdk-overlay-container&amp;quot;&amp;gt;…&amp;lt;/div&amp;gt; subtree intercepts pointer events
retrying click action, attempt #1
  waiting for element to be visible, enabled and stable
  element is visible, enabled and stable
  scrolling into view if needed
  done scrolling
  &amp;lt;div class=&amp;quot;cdk-overlay-backdrop cdk-overlay-dark-bac…&amp;gt;&amp;lt;/div&amp;gt; from &amp;lt;div class=&amp;quot;cdk-overlay-container&amp;quot;&amp;gt;…&amp;lt;/div&amp;gt; subtree intercepts pointer events
retrying click action, attempt #2
  waiting 20ms
  waiting for element to be visible, enabled and stable
  element is visible, enabled and stable
  scrolling into view if needed
  done scrolling
  &amp;lt;div class=&amp;quot;cdk-overlay-backdrop cdk-overlay-dark-bac…&amp;gt;&amp;lt;/div&amp;gt; from &amp;lt;div class=&amp;quot;cdk-overlay-container&amp;quot;&amp;gt;…&amp;lt;/div&amp;gt; subtree intercepts pointer events
retrying click action, attempt #3
  waiting 100ms
  waiting for element to be visible, enabled and stable
  element is visible, enabled and stable
  scrolling into view if needed
  done scrolling
  &amp;lt;div class=&amp;quot;cdk-overlay-backdrop cdk-overlay-dark-bac…&amp;gt;&amp;lt;/div&amp;gt; from &amp;lt;div class=&amp;quot;cdk-overlay-container&amp;quot;&amp;gt;…&amp;lt;/div&amp;gt; subtree intercepts pointer events
retrying click action, attempt #4
  waiting 100ms
  waiting for element to be visible, enabled and stable
  element is visible, enabled and stable
  scrolling into view if needed
  done scrolling
  &amp;lt;div class=&amp;quot;cdk-overlay-backdrop cdk-overlay-dark-bac…&amp;gt;&amp;lt;/div&amp;gt; from &amp;lt;div class=&amp;quot;cdk-overlay-container&amp;quot;&amp;gt;…&amp;lt;/div&amp;gt; subtree intercepts pointer events
retrying click action, attempt #5
  waiting 500ms
  waiting for element to be visible, enabled and stable
  element is visible, enabled and stable
  scrolling into view if needed
  done scrolling
  &amp;lt;div class=&amp;quot;cdk-overlay-backdrop cdk-overlay-dark-bac…&amp;gt;&amp;lt;/div&amp;gt; from &amp;lt;div class=&amp;quot;cdk-overlay-container&amp;quot;&amp;gt;…&amp;lt;/div&amp;gt; subtree intercepts pointer events
retrying click action, attempt #6
  waiting 500ms
  waiting for element to be visible, enabled and stable
  element is visible, enabled and stable
  scrolling into view if needed
  done scrolling
  &amp;lt;div class=&amp;quot;cdk-overlay-backdrop cdk-overlay-dark-bac…&amp;gt;&amp;lt;/div&amp;gt; from &amp;lt;div class=&amp;quot;cdk-overlay-container&amp;quot;&amp;gt;…&amp;lt;/div&amp;gt; subtree intercepts pointer events
retrying click action, attempt #7
  waiting 500ms
  waiting for element to be visible, enabled and stable
  element is visible, enabled and stable
  scrolling into view if needed
  done scrolling
  &amp;lt;div class=&amp;quot;cdk-overlay-backdrop cdk-overlay-dark-bac…&amp;gt;&amp;lt;/div&amp;gt; from &amp;lt;div class=&amp;quot;cdk-overlay-container&amp;quot;&amp;gt;…&amp;lt;/div&amp;gt; subtree intercepts pointer events
retrying click action, attempt #8
  waiting 500ms
  waiting for element to be visible, enabled and stable
  element is visible, enabled and stable
  scrolling into view if needed
  done scrolling
  &amp;lt;div class=&amp;quot;cdk-overlay-backdrop cdk-overlay-dark-bac…&amp;gt;&amp;lt;/div&amp;gt; from &amp;lt;div class=&amp;quot;cdk-overlay-container&amp;quot;&amp;gt;…&amp;lt;/div&amp;gt; subtree intercepts pointer events
retrying click action, attempt #9
  waiting 500ms
  waiting for element to be visible, enabled and stable
  element is visible, enabled and stable
  scrolling into view if needed
  done scrolling
  &amp;lt;div class=&amp;quot;cdk-overlay-backdrop cdk-overlay-dark-bac…&amp;gt;&amp;lt;/div&amp;gt; from &amp;lt;div class=&amp;quot;cdk-overlay-container&amp;quot;&amp;gt;…&amp;lt;/div&amp;gt; subtree intercepts pointer events
retrying click action, attempt #10
  waiting 500ms
  waiting for element to be visible, enabled and stable
  element is visible, enabled and stable
  scrolling into view if needed
  done scrolling
  &amp;lt;div class=&amp;quot;cdk-overlay-backdrop cdk-overlay-dark-bac…&amp;gt;&amp;lt;/div&amp;gt; from &amp;lt;div class=&amp;quot;cdk-overlay-container&amp;quot;&amp;gt;…&amp;lt;/div&amp;gt; subtree intercepts pointer events
retrying click action, attempt #11
  waiting 500ms
  waiting for element to be visible, enabled and stable
  element is visible, enabled and stable
  scrolling into view if needed
  done scrolling
  &amp;lt;div class=&amp;quot;cdk-overlay-backdrop cdk-overlay-dark-bac…&amp;gt;&amp;lt;/div&amp;gt; from &amp;lt;div class=&amp;quot;cdk-overlay-container&amp;quot;&amp;gt;…&amp;lt;/div&amp;gt; subtree intercepts pointer events
retrying click action, attempt #12
  waiting 500ms
  waiting for element to be visible, enabled and stable
  element is visible, enabled and stable
  scrolling into view if needed
  done scrolling
  &amp;lt;div class=&amp;quot;cdk-overlay-backdrop cdk-overlay-dark-bac…&amp;gt;&amp;lt;/div&amp;gt; from &amp;lt;div class=&amp;quot;cdk-overlay-container&amp;quot;&amp;gt;…&amp;lt;/div&amp;gt; subtree intercepts pointer events
retrying click action, attempt #13
  waiting 500ms
  waiting for element to be visible, enabled and stable
  element is visible, enabled and stable
  scrolling into view if needed
  done scrolling
  &amp;lt;div class=&amp;quot;cdk-overlay-backdrop cdk-overlay-dark-bac…&amp;gt;&amp;lt;/div&amp;gt; from &amp;lt;div class=&amp;quot;cdk-overlay-container&amp;quot;&amp;gt;…&amp;lt;/div&amp;gt; subtree intercepts pointer events
retrying click action, attempt #14
  waiting 500ms
  waiting for element to be visible, enabled and stable
  element is visible, enabled and stable
  scrolling into view if needed
  done scrolling
  &amp;lt;div class=&amp;quot;cdk-overlay-backdrop cdk-overlay-dark-bac…&amp;gt;&amp;lt;/div&amp;gt; from &amp;lt;div class=&amp;quot;cdk-overlay-container&amp;quot;&amp;gt;…&amp;lt;/div&amp;gt; subtree intercepts pointer events
retrying click action, attempt #15
  waiting 500ms
  waiting for element to be visible, enabled and stable
  element is visible, enabled and stable
  scrolling into view if needed
  done scrolling
  &amp;lt;div class=&amp;quot;cdk-overlay-backdrop cdk-overlay-dark-bac…&amp;gt;&amp;lt;/div&amp;gt; from &amp;lt;div class=&amp;quot;cdk-overlay-container&amp;quot;&amp;gt;…&amp;lt;/div&amp;gt; subtree intercepts pointer events
retrying click action, attempt #16
  waiting 500ms
  waiting for element to be visible, enabled and stable
  element is visible, enabled and stable
  scrolling into view if needed
  done scrolling
  &amp;lt;div class=&amp;quot;cdk-overlay-backdrop cdk-overlay-dark-bac…&amp;gt;&amp;lt;/div&amp;gt; from &amp;lt;div class=&amp;quot;cdk-overlay-container&amp;quot;&amp;gt;…&amp;lt;/div&amp;gt; subtree intercepts pointer events
retrying click action, attempt #17
  waiting 500ms
  waiting for element to be visible, enabled and stable
  element is visible, enabled and stable
  scrolling into view if needed
  done scrolling
  &amp;lt;div class=&amp;quot;cdk-overlay-backdrop cdk-overlay-dark-bac…&amp;gt;&amp;lt;/div&amp;gt; from &amp;lt;div class=&amp;quot;cdk-overlay-container&amp;quot;&amp;gt;…&amp;lt;/div&amp;gt; subtree intercepts pointer events
retrying click action, attempt #18
  waiting 500ms
  waiting for element to be visible, enabled and stable
  element is visible, enabled and stable
  scrolling into view if needed
  done scrolling
  &amp;lt;div class=&amp;quot;cdk-overlay-backdrop cdk-overlay-dark-bac…&amp;gt;&amp;lt;/div&amp;gt; from &amp;lt;div class=&amp;quot;cdk-overlay-container&amp;quot;&amp;gt;…&amp;lt;/div&amp;gt; subtree intercepts pointer events
retrying click action, attempt #19
  waiting 500ms
  waiting for element to be visible, enabled and stable
  element is visible, enabled and stable
  scrolling into view if needed
  done scrolling
  &amp;lt;div class=&amp;quot;cdk-overlay-backdrop cdk-overlay-dark-bac…&amp;gt;&amp;lt;/div&amp;gt; from &amp;lt;div class=&amp;quot;cdk-overlay-container&amp;quot;&amp;gt;…&amp;lt;/div&amp;gt; subtree intercepts pointer events
retrying click action, attempt #20
  waiting 500ms
  waiting for element to be visible, enabled and stable
  element is visible, enabled and stable
  scrolling into view if needed
  done scrolling
  &amp;lt;div class=&amp;quot;cdk-overlay-backdrop cdk-overlay-dark-bac…&amp;gt;&amp;lt;/div&amp;gt; from &amp;lt;div class=&amp;quot;cdk-overlay-container&amp;quot;&amp;gt;…&amp;lt;/div&amp;gt; subtree intercepts pointer events
retrying click action, attempt #21
  waiting 500ms
  waiting for element to be visible, enabled and stable
  element is visible, enabled and stable
  scrolling into view if needed
  done scrolling
  &amp;lt;div class=&amp;quot;cdk-overlay-backdrop cdk-overlay-dark-bac…&amp;gt;&amp;lt;/div&amp;gt; from &amp;lt;div class=&amp;quot;cdk-overlay-container&amp;quot;&amp;gt;…&amp;lt;/div&amp;gt; subtree intercepts pointer events
retrying click action, attempt #22
  waiting 500ms
  waiting for element to be visible, enabled and stable
  element is visible, enabled and stable
  scrolling into view if needed
  done scrolling
  &amp;lt;div class=&amp;quot;cdk-overlay-backdrop cdk-overlay-dark-bac…&amp;gt;&amp;lt;/div&amp;gt; from &amp;lt;div class=&amp;quot;cdk-overlay-container&amp;quot;&amp;gt;…&amp;lt;/div&amp;gt; subtree intercepts pointer events
retrying click action, attempt #23
  waiting 500ms
  waiting for element to be visible, enabled and stable
  element is visible, enabled and stable
  scrolling into view if needed
  done scrolling
  &amp;lt;div class=&amp;quot;cdk-overlay-backdrop cdk-overlay-dark-bac…&amp;gt;&amp;lt;/div&amp;gt; from &amp;lt;div class=&amp;quot;cdk-overlay-container&amp;quot;&amp;gt;…&amp;lt;/div&amp;gt; subtree intercepts pointer events
retrying click action, attempt #24
  waiting 500ms
  waiting for element to be visible, enabled and stable
  element is visible, enabled and stable
  scrolling into view if needed
  done scrolling
  &amp;lt;div class=&amp;quot;cdk-overlay-backdrop cdk-overlay-dark-bac…&amp;gt;&amp;lt;/div&amp;gt; from &amp;lt;div class=&amp;quot;cdk-overlay-container&amp;quot;&amp;gt;…&amp;lt;/div&amp;gt; subtree intercepts pointer events
retrying click action, attempt #25
  waiting 500ms
  waiting for element to be visible, enabled and stable
  element is visible, enabled and stable
  scrolling into view if needed
  done scrolling
  &amp;lt;div class=&amp;quot;cdk-overlay-backdrop cdk-overlay-dark-bac…&amp;gt;&amp;lt;/div&amp;gt; from &amp;lt;div class=&amp;quot;cdk-overlay-container&amp;quot;&amp;gt;…&amp;lt;/div&amp;gt; subtree intercepts pointer events
retrying click action, attempt #26
  waiting 500ms
  waiting for element to be visible, enabled and stable
  element is visible, enabled and stable
  scrolling into view if needed
  done scrolling
  &amp;lt;div class=&amp;quot;cdk-overlay-backdrop cdk-overlay-dark-bac…&amp;gt;&amp;lt;/div&amp;gt; from &amp;lt;div class=&amp;quot;cdk-overlay-container&amp;quot;&amp;gt;…&amp;lt;/div&amp;gt; subtree intercepts pointer events
retrying click action, attempt #27
  waiting 500ms
  waiting for element to be visible, enabled and stable
  element is visible, enabled and stable
  scrolling into view if needed
  done scrolling
  &amp;lt;div class=&amp;quot;cdk-overlay-backdrop cdk-overlay-dark-bac…&amp;gt;&amp;lt;/div&amp;gt; from &amp;lt;div class=&amp;quot;cdk-overlay-container&amp;quot;&amp;gt;…&amp;lt;/div&amp;gt; subtree intercepts pointer events
retrying click action, attempt #28
  waiting 500ms
  waiting for element to be visible, enabled and stable
  element is visible, enabled and stable
  scrolling into view if needed
  done scrolling
  &amp;lt;div class=&amp;quot;cdk-overlay-backdrop cdk-overlay-dark-bac…&amp;gt;&amp;lt;/div&amp;gt; from &amp;lt;div class=&amp;quot;cdk-overlay-container&amp;quot;&amp;gt;…&amp;lt;/div&amp;gt; subtree intercepts pointer events
retrying click action, attempt #29
  waiting 500ms
  waiting for element to be visible, enabled and stable
  element is visible, enabled and stable
  scrolling into view if needed
  done scrolling
  &amp;lt;div class=&amp;quot;cdk-overlay-backdrop cdk-overlay-dark-bac…&amp;gt;&amp;lt;/div&amp;gt; from &amp;lt;div class=&amp;quot;cdk-overlay-container&amp;quot;&amp;gt;…&amp;lt;/div&amp;gt; subtree intercepts pointer events
retrying click action, attempt #30
  waiting 500ms
  waiting for element to be visible, enabled and stable
  element is visible, enabled and stable
  scrolling into view if needed
  done scrolling
  &amp;lt;div class=&amp;quot;cdk-overlay-backdrop cdk-overlay-dark-bac…&amp;gt;&amp;lt;/div&amp;gt; from &amp;lt;div class=&amp;quot;cdk-overlay-container&amp;quot;&amp;gt;…&amp;lt;/div&amp;gt; subtree intercepts pointer events
retrying click action, attempt #31
  waiting 500ms
  waiting for element to be visible, enabled and stable
  element is visible, enabled and stable
  scrolling into view if needed
  done scrolling
  &amp;lt;div class=&amp;quot;cdk-overlay-backdrop cdk-overlay-dark-bac…&amp;gt;&amp;lt;/div&amp;gt; from &amp;lt;div class=&amp;quot;cdk-overlay-container&amp;quot;&amp;gt;…&amp;lt;/div&amp;gt; subtree intercepts pointer events
retrying click action, attempt #32
  waiting 500ms
  waiting for element to be visible, enabled and stable
  element is visible, enabled and stable
  scrolling into view if needed
  done scrolling
  &amp;lt;div class=&amp;quot;cdk-overlay-backdrop cdk-overlay-dark-bac…&amp;gt;&amp;lt;/div&amp;gt; from &amp;lt;div class=&amp;quot;cdk-overlay-container&amp;quot;&amp;gt;…&amp;lt;/div&amp;gt; subtree intercepts pointer events
retrying click action, attempt #33
  waiting 500ms
  waiting for element to be visible, enabled and stable
  element is visible, enabled and stable
  scrolling into view if needed
  done scrolling
  &amp;lt;div class=&amp;quot;cdk-overlay-backdrop cdk-overlay-dark-bac…&amp;gt;&amp;lt;/div&amp;gt; from &amp;lt;div class=&amp;quot;cdk-overlay-container&amp;quot;&amp;gt;…&amp;lt;/div&amp;gt; subtree intercepts pointer events
retrying click action, attempt #34
  waiting 500ms
  waiting for element to be visible, enabled and stable
  element is visible, enabled and stable
  scrolling into view if needed
  done scrolling
  &amp;lt;div class=&amp;quot;cdk-overlay-backdrop cdk-overlay-dark-bac…&amp;gt;&amp;lt;/div&amp;gt; from &amp;lt;div class=&amp;quot;cdk-overlay-container&amp;quot;&amp;gt;…&amp;lt;/div&amp;gt; subtree intercepts pointer events
retrying click action, attempt #35
  waiting 500ms
  waiting for element to be visible, enabled and stable
  element is visible, enabled and stable
  scrolling into view if needed
  done scrolling
  &amp;lt;div class=&amp;quot;cdk-overlay-backdrop cdk-overlay-dark-bac…&amp;gt;&amp;lt;/div&amp;gt; from &amp;lt;div class=&amp;quot;cdk-overlay-container&amp;quot;&amp;gt;…&amp;lt;/div&amp;gt; subtree intercepts pointer events
retrying click action, attempt #36
  waiting 500ms
  waiting for element to be visible, enabled and stable
  element is visible, enabled and stable
  scrolling into view if needed
  done scrolling
  &amp;lt;div class=&amp;quot;cdk-overlay-backdrop cdk-overlay-dark-bac…&amp;gt;&amp;lt;/div&amp;gt; from &amp;lt;div class=&amp;quot;cdk-overlay-container&amp;quot;&amp;gt;…&amp;lt;/div&amp;gt; subtree intercepts pointer events
retrying click action, attempt #37
  waiting 500ms
  waiting for element to be visible, enabled and stable
  element is visible, enabled and stable
  scrolling into view if needed
  done scrolling
  &amp;lt;div class=&amp;quot;cdk-overlay-backdrop cdk-overlay-dark-bac…&amp;gt;&amp;lt;/div&amp;gt; from &amp;lt;div class=&amp;quot;cdk-overlay-container&amp;quot;&amp;gt;…&amp;lt;/div&amp;gt; subtree intercepts pointer events
retrying click action, attempt #38
  waiting 500ms
  waiting for element to be visible, enabled and stable
  element is visible, enabled and stable
  scrolling into view if needed
  done scrolling
  &amp;lt;div class=&amp;quot;cdk-overlay-backdrop cdk-overlay-dark-bac…&amp;gt;&amp;lt;/div&amp;gt; from &amp;lt;div class=&amp;quot;cdk-overlay-container&amp;quot;&amp;gt;…&amp;lt;/div&amp;gt; subtree intercepts pointer events
retrying click action, attempt #39
  waiting 500ms
  waiting for element to be visible, enabled and stable
  element is visible, enabled and stable
  scrolling into view if needed
  done scrolling
  &amp;lt;div class=&amp;quot;cdk-overlay-backdrop cdk-overlay-dark-bac…&amp;gt;&amp;lt;/div&amp;gt; from &amp;lt;div class=&amp;quot;cdk-overlay-container&amp;quot;&amp;gt;…&amp;lt;/div&amp;gt; subtree intercepts pointer events
retrying click action, attempt #40
  waiting 500ms
  waiting for element to be visible, enabled and stable
  element is visible, enabled and stable
  scrolling into view if needed
  done scrolling
  &amp;lt;div class=&amp;quot;cdk-overlay-backdrop cdk-overlay-dark-bac…&amp;gt;&amp;lt;/div&amp;gt; from &amp;lt;div class=&amp;quot;cdk-overlay-container&amp;quot;&amp;gt;…&amp;lt;/div&amp;gt; subtree intercepts pointer events
retrying click action, attempt #41
  waiting 500ms
  waiting for element to be visible, enabled and stable
  element is visible, enabled and stable
  scrolling into view if needed
  done scrolling
  &amp;lt;div class=&amp;quot;cdk-overlay-backdrop cdk-overlay-dark-bac…&amp;gt;&amp;lt;/div&amp;gt; from &amp;lt;div class=&amp;quot;cdk-overlay-container&amp;quot;&amp;gt;…&amp;lt;/div&amp;gt; subtree intercepts pointer events
retrying click action, attempt #42
  waiting 500ms
  waiting for element to be visible, enabled and stable
  element is visible, enabled and stable
  scrolling into view if needed
  done scrolling
  &amp;lt;div class=&amp;quot;cdk-overlay-backdrop cdk-overlay-dark-bac…&amp;gt;&amp;lt;/div&amp;gt; from &amp;lt;div class=&amp;quot;cdk-overlay-container&amp;quot;&amp;gt;…&amp;lt;/div&amp;gt; subtree intercepts pointer events
retrying click action, attempt #43
  waiting 500ms
  waiting for element to be visible, enabled and stable
  element is visible, enabled and stable
  scrolling into view if needed
  done scrolling
  &amp;lt;div class=&amp;quot;cdk-overlay-backdrop cdk-overlay-dark-bac…&amp;gt;&amp;lt;/div&amp;gt; from &amp;lt;div class=&amp;quot;cdk-overlay-container&amp;quot;&amp;gt;…&amp;lt;/div&amp;gt; subtree intercepts pointer events
retrying click action, attempt #44
  waiting 500ms
  waiting for element to be visible, enabled and stable
  element is visible, enabled and stable
  scrolling into view if needed
  done scrolling
  &amp;lt;div class=&amp;quot;cdk-overlay-backdrop cdk-overlay-dark-bac…&amp;gt;&amp;lt;/div&amp;gt; from &amp;lt;div class=&amp;quot;cdk-overlay-container&amp;quot;&amp;gt;…&amp;lt;/div&amp;gt; subtree intercepts pointer events
retrying click action, attempt #45
  waiting 500ms
  waiting for element to be visible, enabled and stable
  element is visible, enabled and stable
  scrolling into view if needed
  done scrolling
  &amp;lt;div class=&amp;quot;cdk-overlay-backdrop cdk-overlay-dark-bac…&amp;gt;&amp;lt;/div&amp;gt; from &amp;lt;div class=&amp;quot;cdk-overlay-container&amp;quot;&amp;gt;…&amp;lt;/div&amp;gt; subtree intercepts pointer events
retrying click action, attempt #46
  waiting 500ms
  waiting for element to be visible, enabled and stable
  element is visible, enabled and stable
  scrolling into view if needed
  done scrolling
  &amp;lt;div class=&amp;quot;cdk-overlay-backdrop cdk-overlay-dark-bac…&amp;gt;&amp;lt;/div&amp;gt; from &amp;lt;div class=&amp;quot;cdk-overlay-container&amp;quot;&amp;gt;…&amp;lt;/div&amp;gt; subtree intercepts pointer events
retrying click action, attempt #47
  waiting 500ms
  waiting for element to be visible, enabled and stable
  element is visible, enabled and stable
  scrolling into view if needed
  done scrolling
  &amp;lt;div class=&amp;quot;cdk-overlay-backdrop cdk-overlay-dark-bac…&amp;gt;&amp;lt;/div&amp;gt; from &amp;lt;div class=&amp;quot;cdk-overlay-container&amp;quot;&amp;gt;…&amp;lt;/div&amp;gt; subtree intercepts pointer events
retrying click action, attempt #48
  waiting 500ms
  waiting for element to be visible, enabled and stable
  element is visible, enabled and stable
  scrolling into view if needed
  done scrolling
  &amp;lt;div class=&amp;quot;cdk-overlay-backdrop cdk-overlay-dark-bac…&amp;gt;&amp;lt;/div&amp;gt; from &amp;lt;div class=&amp;quot;cdk-overlay-container&amp;quot;&amp;gt;…&amp;lt;/div&amp;gt; subtree intercepts pointer events
retrying click action, attempt #49
  waiting 500ms
  waiting for element to be visible, enabled and stable
  element is visible, enabled and stable
  scrolling into view if needed
  done scrolling
  &amp;lt;div class=&amp;quot;cdk-overlay-backdrop cdk-overlay-dark-bac…&amp;gt;&amp;lt;/div&amp;gt; from &amp;lt;div class=&amp;quot;cdk-overlay-container&amp;quot;&amp;gt;…&amp;lt;/div&amp;gt; subtree intercepts pointer events
retrying click action, attempt #50
  waiting 500ms
  waiting for element to be visible, enabled and stable
  element is visible, enabled and stable
  scrolling into view if needed
  done scrolling
  &amp;lt;div class=&amp;quot;cdk-overlay-backdrop cdk-overlay-dark-bac…&amp;gt;&amp;lt;/div&amp;gt; from &amp;lt;div class=&amp;quot;cdk-overlay-container&amp;quot;&amp;gt;…&amp;lt;/div&amp;gt; subtree intercepts pointer events
retrying click action, attempt #51
  waiting 500ms
  waiting for element to be visible, enabled and stable
  element is visible, enabled and stable
  scrolling into view if needed
  done scrolling
  &amp;lt;div class=&amp;quot;cdk-overlay-backdrop cdk-overlay-dark-bac…&amp;gt;&amp;lt;/div&amp;gt; from &amp;lt;div class=&amp;quot;cdk-overlay-container&amp;quot;&amp;gt;…&amp;lt;/div&amp;gt; subtree intercepts pointer events
retrying click action, attempt #52
  waiting 500ms
  waiting for element to be visible, enabled and stable
  element is visible, enabled and stable
  scrolling into view if needed
  done scrolling
  &amp;lt;div class=&amp;quot;cdk-overlay-backdrop cdk-overlay-dark-bac…&amp;gt;&amp;lt;/div&amp;gt; from &amp;lt;div class=&amp;quot;cdk-overlay-container&amp;quot;&amp;gt;…&amp;lt;/div&amp;gt; subtree intercepts pointer events
retrying click action, attempt #53
  waiting 500ms
  waiting for element to be visible, enabled and stable
  element is visible, enabled and stable
  scrolling into view if needed
  done scrolling
  &amp;lt;div class=&amp;quot;cdk-overlay-backdrop cdk-overlay-dark-bac…&amp;gt;&amp;lt;/div&amp;gt; from &amp;lt;div class=&amp;quot;cdk-overlay-container&amp;quot;&amp;gt;…&amp;lt;/div&amp;gt; subtree intercepts pointer events
retrying click action, attempt #54
  waiting 500ms
  waiting for element to be visible, enabled and stable
  element is visible, enabled and stable
  scrolling into view if needed
  done scrolling
  &amp;lt;div class=&amp;quot;cdk-overlay-backdrop cdk-overlay-dark-bac…&amp;gt;&amp;lt;/div&amp;gt; from &amp;lt;div class=&amp;quot;cdk-overlay-container&amp;quot;&amp;gt;…&amp;lt;/div&amp;gt; subtree intercepts pointer events
retrying click action, attempt #55
  waiting 500ms
  waiting for element to be visible, enabled and stable
  element is visible, enabled and stable
  scrolling into view if needed
  done scrolling
  &amp;lt;div class=&amp;quot;cdk-overlay-backdrop cdk-overlay-dark-bac…&amp;gt;&amp;lt;/div&amp;gt; from &amp;lt;div class=&amp;quot;cdk-overlay-container&amp;quot;&amp;gt;…&amp;lt;/div&amp;gt; subtree intercepts pointer events
retrying click action, attempt #56
  waiting 500ms
  waiting for element to be visible, enabled and stable
  element is visible, enabled and stable
  scrolling into view if needed
  done scrolling
  &amp;lt;div class=&amp;quot;cdk-overlay-backdrop cdk-overlay-dark-bac…&amp;gt;&amp;lt;/div&amp;gt; from &amp;lt;div class=&amp;quot;cdk-overlay-container&amp;quot;&amp;gt;…&amp;lt;/div&amp;gt; subtree intercepts pointer events
retrying click action, attempt #57
  waiting 500ms
  waiting for element to be visible, enabled and stable
  element is visible, enabled and stable
  scrolling into view if needed
  done scrolling
  &amp;lt;div class=&amp;quot;cdk-overlay-backdrop cdk-overlay-dark-bac…&amp;gt;&amp;lt;/div&amp;gt; from &amp;lt;div class=&amp;quot;cdk-overlay-container&amp;quot;&amp;gt;…&amp;lt;/div&amp;gt; subtree intercepts pointer events
retrying click action, attempt #58
  waiting 500ms
  waiting for element to be visible, enabled and stable
  element is visible, enabled and stable
  scrolling into view if needed
  done scrolling
  &amp;lt;div class=&amp;quot;cdk-overlay-backdrop cdk-overlay-dark-bac…&amp;gt;&amp;lt;/div&amp;gt; from &amp;lt;div class=&amp;quot;cdk-overlay-container&amp;quot;&amp;gt;…&amp;lt;/div&amp;gt; subtree intercepts pointer events
retrying click action, attempt #59
  waiting 500ms
  waiting for element to be visible, enabled and stable
  element is visible, enabled and stable
  scrolling into view if needed
  done scrolling
  &amp;lt;div class=&amp;quot;cdk-overlay-backdrop cdk-overlay-dark-bac…&amp;gt;&amp;lt;/div&amp;gt; from &amp;lt;div class=&amp;quot;cdk-overlay-container&amp;quot;&amp;gt;…&amp;lt;/div&amp;gt; subtree intercepts pointer events
retrying click action, attempt #60
  waiting 500ms
  waiting for element to be visible, enabled and stable
  element is visible, enabled and stable
  scrolling into view if needed
  done scrolling
  &amp;lt;div class=&amp;quot;cdk-overlay-backdrop cdk-overlay-dark-bac…&amp;gt;&amp;lt;/div&amp;gt; from &amp;lt;div class=&amp;quot;cdk-overlay-container&amp;quot;&amp;gt;…&amp;lt;/div&amp;gt; subtree intercepts pointer events
retrying click action, attempt #61
  waiting 500ms
============================================================
  name=&amp;apos;TimeoutError
  stack=&amp;apos;TimeoutError: Timeout 30000ms exceeded.
=========================== logs ===========================
waiting for locator(&amp;quot;xpath=//button[@color=&amp;apos;warn&amp;apos;]&amp;quot;)
  locator resolved to 2 elements. Proceeding with the first one: &amp;lt;button color=&amp;quot;warn&amp;quot; mat-mini-fab=&amp;quot;&amp;quot; _ngcontent-roo-c721…&amp;gt;…&amp;lt;/button&amp;gt;
attempting click action
  waiting for element to be visible, enabled and stable
  element is visible, enabled and stable
  scrolling into view if needed
  done scrolling
  &amp;lt;div class=&amp;quot;cdk-overlay-backdrop cdk-overlay-dark-bac…&amp;gt;&amp;lt;/div&amp;gt; from &amp;lt;div class=&amp;quot;cdk-overlay-container&amp;quot;&amp;gt;…&amp;lt;/div&amp;gt; subtree intercepts pointer events
retrying click action, attempt #1
  waiting for element to be visible, enabled and stable
  element is visible, enabled and stable
  scrolling into view if needed
  done scrolling
  &amp;lt;div class=&amp;quot;cdk-overlay-backdrop cdk-overlay-dark-bac…&amp;gt;&amp;lt;/div&amp;gt; from &amp;lt;div class=&amp;quot;cdk-overlay-container&amp;quot;&amp;gt;…&amp;lt;/div&amp;gt; subtree intercepts pointer events
retrying click action, attempt #2
  waiting 20ms
  waiting for element to be visible, enabled and stable
  element is visible, enabled and stable
  scrolling into view if needed
  done scrolling
  &amp;lt;div class=&amp;quot;cdk-overlay-backdrop cdk-overlay-dark-bac…&amp;gt;&amp;lt;/div&amp;gt; from &amp;lt;div class=&amp;quot;cdk-overlay-container&amp;quot;&amp;gt;…&amp;lt;/div&amp;gt; subtree intercepts pointer events
retrying click action, attempt #3
  waiting 100ms
  waiting for element to be visible, enabled and stable
  element is visible, enabled and stable
  scrolling into view if needed
  done scrolling
  &amp;lt;div class=&amp;quot;cdk-overlay-backdrop cdk-overlay-dark-bac…&amp;gt;&amp;lt;/div&amp;gt; from &amp;lt;div class=&amp;quot;cdk-overlay-container&amp;quot;&amp;gt;…&amp;lt;/div&amp;gt; subtree intercepts pointer events
retrying click action, attempt #4
  waiting 100ms
  waiting for element to be visible, enabled and stable
  element is visible, enabled and stable
  scrolling into view if needed
  done scrolling
  &amp;lt;div class=&amp;quot;cdk-overlay-backdrop cdk-overlay-dark-bac…&amp;gt;&amp;lt;/div&amp;gt; from &amp;lt;div class=&amp;quot;cdk-overlay-container&amp;quot;&amp;gt;…&amp;lt;/div&amp;gt; subtree intercepts pointer events
retrying click action, attempt #5
  waiting 500ms
  waiting for element to be visible, enabled and stable
  element is visible, enabled and stable
  scrolling into view if needed
  done scrolling
  &amp;lt;div class=&amp;quot;cdk-overlay-backdrop cdk-overlay-dark-bac…&amp;gt;&amp;lt;/div&amp;gt; from &amp;lt;div class=&amp;quot;cdk-overlay-container&amp;quot;&amp;gt;…&amp;lt;/div&amp;gt; subtree intercepts pointer events
retrying click action, attempt #6
  waiting 500ms
  waiting for element to be visible, enabled and stable
  element is visible, enabled and stable
  scrolling into view if needed
  done scrolling
  &amp;lt;div class=&amp;quot;cdk-overlay-backdrop cdk-overlay-dark-bac…&amp;gt;&amp;lt;/div&amp;gt; from &amp;lt;div class=&amp;quot;cdk-overlay-container&amp;quot;&amp;gt;…&amp;lt;/div&amp;gt; subtree intercepts pointer events
retrying click action, attempt #7
  waiting 500ms
  waiting for element to be visible, enabled and stable
  element is visible, enabled and stable
  scrolling into view if needed
  done scrolling
  &amp;lt;div class=&amp;quot;cdk-overlay-backdrop cdk-overlay-dark-bac…&amp;gt;&amp;lt;/div&amp;gt; from &amp;lt;div class=&amp;quot;cdk-overlay-container&amp;quot;&amp;gt;…&amp;lt;/div&amp;gt; subtree intercepts pointer events
retrying click action, attempt #8
  waiting 500ms
  waiting for element to be visible, enabled and stable
  element is visible, enabled and stable
  scrolling into view if needed
  done scrolling
  &amp;lt;div class=&amp;quot;cdk-overlay-backdrop cdk-overlay-dark-bac…&amp;gt;&amp;lt;/div&amp;gt; from &amp;lt;div class=&amp;quot;cdk-overlay-container&amp;quot;&amp;gt;…&amp;lt;/div&amp;gt; subtree intercepts pointer events
retrying click action, attempt #9
  waiting 500ms
  waiting for element to be visible, enabled and stable
  element is visible, enabled and stable
  scrolling into view if needed
  done scrolling
  &amp;lt;div class=&amp;quot;cdk-overlay-backdrop cdk-overlay-dark-bac…&amp;gt;&amp;lt;/div&amp;gt; from &amp;lt;div class=&amp;quot;cdk-overlay-container&amp;quot;&amp;gt;…&amp;lt;/div&amp;gt; subtree intercepts pointer events
retrying click action, attempt #10
  waiting 500ms
  waiting for element to be visible, enabled and stable
  element is visible, enabled and stable
  scrolling into view if needed
  done scrolling
  &amp;lt;div class=&amp;quot;cdk-overlay-backdrop cdk-overlay-dark-bac…&amp;gt;&amp;lt;/div&amp;gt; from &amp;lt;div class=&amp;quot;cdk-overlay-container&amp;quot;&amp;gt;…&amp;lt;/div&amp;gt; subtree intercepts pointer events
retrying click action, attempt #11
  waiting 500ms
  waiting for element to be visible, enabled and stable
  element is visible, enabled and stable
  scrolling into view if needed
  done scrolling
  &amp;lt;div class=&amp;quot;cdk-overlay-backdrop cdk-overlay-dark-bac…&amp;gt;&amp;lt;/div&amp;gt; from &amp;lt;div class=&amp;quot;cdk-overlay-container&amp;quot;&amp;gt;…&amp;lt;/div&amp;gt; subtree intercepts pointer events
retrying click action, attempt #12
  waiting 500ms
  waiting for element to be visible, enabled and stable
  element is visible, enabled and stable
  scrolling into view if needed
  done scrolling
  &amp;lt;div class=&amp;quot;cdk-overlay-backdrop cdk-overlay-dark-bac…&amp;gt;&amp;lt;/div&amp;gt; from &amp;lt;div class=&amp;quot;cdk-overlay-container&amp;quot;&amp;gt;…&amp;lt;/div&amp;gt; subtree intercepts pointer events
retrying click action, attempt #13
  waiting 500ms
  waiting for element to be visible, enabled and stable
  element is visible, enabled and stable
  scrolling into view if needed
  done scrolling
  &amp;lt;div class=&amp;quot;cdk-overlay-backdrop cdk-overlay-dark-bac…&amp;gt;&amp;lt;/div&amp;gt; from &amp;lt;div class=&amp;quot;cdk-overlay-container&amp;quot;&amp;gt;…&amp;lt;/div&amp;gt; subtree intercepts pointer events
retrying click action, attempt #14
  waiting 500ms
  waiting for element to be visible, enabled and stable
  element is visible, enabled and stable
  scrolling into view if needed
  done scrolling
  &amp;lt;div class=&amp;quot;cdk-overlay-backdrop cdk-overlay-dark-bac…&amp;gt;&amp;lt;/div&amp;gt; from &amp;lt;div class=&amp;quot;cdk-overlay-container&amp;quot;&amp;gt;…&amp;lt;/div&amp;gt; subtree intercepts pointer events
retrying click action, attempt #15
  waiting 500ms
  waiting for element to be visible, enabled and stable
  element is visible, enabled and stable
  scrolling into view if needed
  done scrolling
  &amp;lt;div class=&amp;quot;cdk-overlay-backdrop cdk-overlay-dark-bac…&amp;gt;&amp;lt;/div&amp;gt; from &amp;lt;div class=&amp;quot;cdk-overlay-container&amp;quot;&amp;gt;…&amp;lt;/div&amp;gt; subtree intercepts pointer events
retrying click action, attempt #16
  waiting 500ms
  waiting for element to be visible, enabled and stable
  element is visible, enabled and stable
  scrolling into view if needed
  done scrolling
  &amp;lt;div class=&amp;quot;cdk-overlay-backdrop cdk-overlay-dark-bac…&amp;gt;&amp;lt;/div&amp;gt; from &amp;lt;div class=&amp;quot;cdk-overlay-container&amp;quot;&amp;gt;…&amp;lt;/div&amp;gt; subtree intercepts pointer events
retrying click action, attempt #17
  waiting 500ms
  waiting for element to be visible, enabled and stable
  element is visible, enabled and stable
  scrolling into view if needed
  done scrolling
  &amp;lt;div class=&amp;quot;cdk-overlay-backdrop cdk-overlay-dark-bac…&amp;gt;&amp;lt;/div&amp;gt; from &amp;lt;div class=&amp;quot;cdk-overlay-container&amp;quot;&amp;gt;…&amp;lt;/div&amp;gt; subtree intercepts pointer events
retrying click action, attempt #18
  waiting 500ms
  waiting for element to be visible, enabled and stable
  element is visible, enabled and stable
  scrolling into view if needed
  done scrolling
  &amp;lt;div class=&amp;quot;cdk-overlay-backdrop cdk-overlay-dark-bac…&amp;gt;&amp;lt;/div&amp;gt; from &amp;lt;div class=&amp;quot;cdk-overlay-container&amp;quot;&amp;gt;…&amp;lt;/div&amp;gt; subtree intercepts pointer events
retrying click action, attempt #19
  waiting 500ms
  waiting for element to be visible, enabled and stable
  element is visible, enabled and stable
  scrolling into view if needed
  done scrolling
  &amp;lt;div class=&amp;quot;cdk-overlay-backdrop cdk-overlay-dark-bac…&amp;gt;&amp;lt;/div&amp;gt; from &amp;lt;div class=&amp;quot;cdk-overlay-container&amp;quot;&amp;gt;…&amp;lt;/div&amp;gt; subtree intercepts pointer events
retrying click action, attempt #20
  waiting 500ms
  waiting for element to be visible, enabled and stable
  element is visible, enabled and stable
  scrolling into view if needed
  done scrolling
  &amp;lt;div class=&amp;quot;cdk-overlay-backdrop cdk-overlay-dark-bac…&amp;gt;&amp;lt;/div&amp;gt; from &amp;lt;div class=&amp;quot;cdk-overlay-container&amp;quot;&amp;gt;…&amp;lt;/div&amp;gt; subtree intercepts pointer events
retrying click action, attempt #21
  waiting 500ms
  waiting for element to be visible, enabled and stable
  element is visible, enabled and stable
  scrolling into view if needed
  done scrolling
  &amp;lt;div class=&amp;quot;cdk-overlay-backdrop cdk-overlay-dark-bac…&amp;gt;&amp;lt;/div&amp;gt; from &amp;lt;div class=&amp;quot;cdk-overlay-container&amp;quot;&amp;gt;…&amp;lt;/div&amp;gt; subtree intercepts pointer events
retrying click action, attempt #22
  waiting 500ms
  waiting for element to be visible, enabled and stable
  element is visible, enabled and stable
  scrolling into view if needed
  done scrolling
  &amp;lt;div class=&amp;quot;cdk-overlay-backdrop cdk-overlay-dark-bac…&amp;gt;&amp;lt;/div&amp;gt; from &amp;lt;div class=&amp;quot;cdk-overlay-container&amp;quot;&amp;gt;…&amp;lt;/div&amp;gt; subtree intercepts pointer events
retrying click action, attempt #23
  waiting 500ms
  waiting for element to be visible, enabled and stable
  element is visible, enabled and stable
  scrolling into view if needed
  done scrolling
  &amp;lt;div class=&amp;quot;cdk-overlay-backdrop cdk-overlay-dark-bac…&amp;gt;&amp;lt;/div&amp;gt; from &amp;lt;div class=&amp;quot;cdk-overlay-container&amp;quot;&amp;gt;…&amp;lt;/div&amp;gt; subtree intercepts pointer events
retrying click action, attempt #24
  waiting 500ms
  waiting for element to be visible, enabled and stable
  element is visible, enabled and stable
  scrolling into view if needed
  done scrolling
  &amp;lt;div class=&amp;quot;cdk-overlay-backdrop cdk-overlay-dark-bac…&amp;gt;&amp;lt;/div&amp;gt; from &amp;lt;div class=&amp;quot;cdk-overlay-container&amp;quot;&amp;gt;…&amp;lt;/div&amp;gt; subtree intercepts pointer events
retrying click action, attempt #25
  waiting 500ms
  waiting for element to be visible, enabled and stable
  element is visible, enabled and stable
  scrolling into view if needed
  done scrolling
  &amp;lt;div class=&amp;quot;cdk-overlay-backdrop cdk-overlay-dark-bac…&amp;gt;&amp;lt;/div&amp;gt; from &amp;lt;div class=&amp;quot;cdk-overlay-container&amp;quot;&amp;gt;…&amp;lt;/div&amp;gt; subtree intercepts pointer events
retrying click action, attempt #26
  waiting 500ms
  waiting for element to be visible, enabled and stable
  element is visible, enabled and stable
  scrolling into view if needed
  done scrolling
  &amp;lt;div class=&amp;quot;cdk-overlay-backdrop cdk-overlay-dark-bac…&amp;gt;&amp;lt;/div&amp;gt; from &amp;lt;div class=&amp;quot;cdk-overlay-container&amp;quot;&amp;gt;…&amp;lt;/div&amp;gt; subtree intercepts pointer events
retrying click action, attempt #27
  waiting 500ms
  waiting for element to be visible, enabled and stable
  element is visible, enabled and stable
  scrolling into view if needed
  done scrolling
  &amp;lt;div class=&amp;quot;cdk-overlay-backdrop cdk-overlay-dark-bac…&amp;gt;&amp;lt;/div&amp;gt; from &amp;lt;div class=&amp;quot;cdk-overlay-container&amp;quot;&amp;gt;…&amp;lt;/div&amp;gt; subtree intercepts pointer events
retrying click action, attempt #28
  waiting 500ms
  waiting for element to be visible, enabled and stable
  element is visible, enabled and stable
  scrolling into view if needed
  done scrolling
  &amp;lt;div class=&amp;quot;cdk-overlay-backdrop cdk-overlay-dark-bac…&amp;gt;&amp;lt;/div&amp;gt; from &amp;lt;div class=&amp;quot;cdk-overlay-container&amp;quot;&amp;gt;…&amp;lt;/div&amp;gt; subtree intercepts pointer events
retrying click action, attempt #29
  waiting 500ms
  waiting for element to be visible, enabled and stable
  element is visible, enabled and stable
  scrolling into view if needed
  done scrolling
  &amp;lt;div class=&amp;quot;cdk-overlay-backdrop cdk-overlay-dark-bac…&amp;gt;&amp;lt;/div&amp;gt; from &amp;lt;div class=&amp;quot;cdk-overlay-container&amp;quot;&amp;gt;…&amp;lt;/div&amp;gt; subtree intercepts pointer events
retrying click action, attempt #30
  waiting 500ms
  waiting for element to be visible, enabled and stable
  element is visible, enabled and stable
  scrolling into view if needed
  done scrolling
  &amp;lt;div class=&amp;quot;cdk-overlay-backdrop cdk-overlay-dark-bac…&amp;gt;&amp;lt;/div&amp;gt; from &amp;lt;div class=&amp;quot;cdk-overlay-container&amp;quot;&amp;gt;…&amp;lt;/div&amp;gt; subtree intercepts pointer events
retrying click action, attempt #31
  waiting 500ms
  waiting for element to be visible, enabled and stable
  element is visible, enabled and stable
  scrolling into view if needed
  done scrolling
  &amp;lt;div class=&amp;quot;cdk-overlay-backdrop cdk-overlay-dark-bac…&amp;gt;&amp;lt;/div&amp;gt; from &amp;lt;div class=&amp;quot;cdk-overlay-container&amp;quot;&amp;gt;…&amp;lt;/div&amp;gt; subtree intercepts pointer events
retrying click action, attempt #32
  waiting 500ms
  waiting for element to be visible, enabled and stable
  element is visible, enabled and stable
  scrolling into view if needed
  done scrolling
  &amp;lt;div class=&amp;quot;cdk-overlay-backdrop cdk-overlay-dark-bac…&amp;gt;&amp;lt;/div&amp;gt; from &amp;lt;div class=&amp;quot;cdk-overlay-container&amp;quot;&amp;gt;…&amp;lt;/div&amp;gt; subtree intercepts pointer events
retrying click action, attempt #33
  waiting 500ms
  waiting for element to be visible, enabled and stable
  element is visible, enabled and stable
  scrolling into view if needed
  done scrolling
  &amp;lt;div class=&amp;quot;cdk-overlay-backdrop cdk-overlay-dark-bac…&amp;gt;&amp;lt;/div&amp;gt; from &amp;lt;div class=&amp;quot;cdk-overlay-container&amp;quot;&amp;gt;…&amp;lt;/div&amp;gt; subtree intercepts pointer events
retrying click action, attempt #34
  waiting 500ms
  waiting for element to be visible, enabled and stable
  element is visible, enabled and stable
  scrolling into view if needed
  done scrolling
  &amp;lt;div class=&amp;quot;cdk-overlay-backdrop cdk-overlay-dark-bac…&amp;gt;&amp;lt;/div&amp;gt; from &amp;lt;div class=&amp;quot;cdk-overlay-container&amp;quot;&amp;gt;…&amp;lt;/div&amp;gt; subtree intercepts pointer events
retrying click action, attempt #35
  waiting 500ms
  waiting for element to be visible, enabled and stable
  element is visible, enabled and stable
  scrolling into view if needed
  done scrolling
  &amp;lt;div class=&amp;quot;cdk-overlay-backdrop cdk-overlay-dark-bac…&amp;gt;&amp;lt;/div&amp;gt; from &amp;lt;div class=&amp;quot;cdk-overlay-container&amp;quot;&amp;gt;…&amp;lt;/div&amp;gt; subtree intercepts pointer events
retrying click action, attempt #36
  waiting 500ms
  waiting for element to be visible, enabled and stable
  element is visible, enabled and stable
  scrolling into view if needed
  done scrolling
  &amp;lt;div class=&amp;quot;cdk-overlay-backdrop cdk-overlay-dark-bac…&amp;gt;&amp;lt;/div&amp;gt; from &amp;lt;div class=&amp;quot;cdk-overlay-container&amp;quot;&amp;gt;…&amp;lt;/div&amp;gt; subtree intercepts pointer events
retrying click action, attempt #37
  waiting 500ms
  waiting for element to be visible, enabled and stable
  element is visible, enabled and stable
  scrolling into view if needed
  done scrolling
  &amp;lt;div class=&amp;quot;cdk-overlay-backdrop cdk-overlay-dark-bac…&amp;gt;&amp;lt;/div&amp;gt; from &amp;lt;div class=&amp;quot;cdk-overlay-container&amp;quot;&amp;gt;…&amp;lt;/div&amp;gt; subtree intercepts pointer events
retrying click action, attempt #38
  waiting 500ms
  waiting for element to be visible, enabled and stable
  element is visible, enabled and stable
  scrolling into view if needed
  done scrolling
  &amp;lt;div class=&amp;quot;cdk-overlay-backdrop cdk-overlay-dark-bac…&amp;gt;&amp;lt;/div&amp;gt; from &amp;lt;div class=&amp;quot;cdk-overlay-container&amp;quot;&amp;gt;…&amp;lt;/div&amp;gt; subtree intercepts pointer events
retrying click action, attempt #39
  waiting 500ms
  waiting for element to be visible, enabled and stable
  element is visible, enabled and stable
  scrolling into view if needed
  done scrolling
  &amp;lt;div class=&amp;quot;cdk-overlay-backdrop cdk-overlay-dark-bac…&amp;gt;&amp;lt;/div&amp;gt; from &amp;lt;div class=&amp;quot;cdk-overlay-container&amp;quot;&amp;gt;…&amp;lt;/div&amp;gt; subtree intercepts pointer events
retrying click action, attempt #40
  waiting 500ms
  waiting for element to be visible, enabled and stable
  element is visible, enabled and stable
  scrolling into view if needed
  done scrolling
  &amp;lt;div class=&amp;quot;cdk-overlay-backdrop cdk-overlay-dark-bac…&amp;gt;&amp;lt;/div&amp;gt; from &amp;lt;div class=&amp;quot;cdk-overlay-container&amp;quot;&amp;gt;…&amp;lt;/div&amp;gt; subtree intercepts pointer events
retrying click action, attempt #41
  waiting 500ms
  waiting for element to be visible, enabled and stable
  element is visible, enabled and stable
  scrolling into view if needed
  done scrolling
  &amp;lt;div class=&amp;quot;cdk-overlay-backdrop cdk-overlay-dark-bac…&amp;gt;&amp;lt;/div&amp;gt; from &amp;lt;div class=&amp;quot;cdk-overlay-container&amp;quot;&amp;gt;…&amp;lt;/div&amp;gt; subtree intercepts pointer events
retrying click action, attempt #42
  waiting 500ms
  waiting for element to be visible, enabled and stable
  element is visible, enabled and stable
  scrolling into view if needed
  done scrolling
  &amp;lt;div class=&amp;quot;cdk-overlay-backdrop cdk-overlay-dark-bac…&amp;gt;&amp;lt;/div&amp;gt; from &amp;lt;div class=&amp;quot;cdk-overlay-container&amp;quot;&amp;gt;…&amp;lt;/div&amp;gt; subtree intercepts pointer events
retrying click action, attempt #43
  waiting 500ms
  waiting for element to be visible, enabled and stable
  element is visible, enabled and stable
  scrolling into view if needed
  done scrolling
  &amp;lt;div class=&amp;quot;cdk-overlay-backdrop cdk-overlay-dark-bac…&amp;gt;&amp;lt;/div&amp;gt; from &amp;lt;div class=&amp;quot;cdk-overlay-container&amp;quot;&amp;gt;…&amp;lt;/div&amp;gt; subtree intercepts pointer events
retrying click action, attempt #44
  waiting 500ms
  waiting for element to be visible, enabled and stable
  element is visible, enabled and stable
  scrolling into view if needed
  done scrolling
  &amp;lt;div class=&amp;quot;cdk-overlay-backdrop cdk-overlay-dark-bac…&amp;gt;&amp;lt;/div&amp;gt; from &amp;lt;div class=&amp;quot;cdk-overlay-container&amp;quot;&amp;gt;…&amp;lt;/div&amp;gt; subtree intercepts pointer events
retrying click action, attempt #45
  waiting 500ms
  waiting for element to be visible, enabled and stable
  element is visible, enabled and stable
  scrolling into view if needed
  done scrolling
  &amp;lt;div class=&amp;quot;cdk-overlay-backdrop cdk-overlay-dark-bac…&amp;gt;&amp;lt;/div&amp;gt; from &amp;lt;div class=&amp;quot;cdk-overlay-container&amp;quot;&amp;gt;…&amp;lt;/div&amp;gt; subtree intercepts pointer events
retrying click action, attempt #46
  waiting 500ms
  waiting for element to be visible, enabled and stable
  element is visible, enabled and stable
  scrolling into view if needed
  done scrolling
  &amp;lt;div class=&amp;quot;cdk-overlay-backdrop cdk-overlay-dark-bac…&amp;gt;&amp;lt;/div&amp;gt; from &amp;lt;div class=&amp;quot;cdk-overlay-container&amp;quot;&amp;gt;…&amp;lt;/div&amp;gt; subtree intercepts pointer events
retrying click action, attempt #47
  waiting 500ms
  waiting for element to be visible, enabled and stable
  element is visible, enabled and stable
  scrolling into view if needed
  done scrolling
  &amp;lt;div class=&amp;quot;cdk-overlay-backdrop cdk-overlay-dark-bac…&amp;gt;&amp;lt;/div&amp;gt; from &amp;lt;div class=&amp;quot;cdk-overlay-container&amp;quot;&amp;gt;…&amp;lt;/div&amp;gt; subtree intercepts pointer events
retrying click action, attempt #48
  waiting 500ms
  waiting for element to be visible, enabled and stable
  element is visible, enabled and stable
  scrolling into view if needed
  done scrolling
  &amp;lt;div class=&amp;quot;cdk-overlay-backdrop cdk-overlay-dark-bac…&amp;gt;&amp;lt;/div&amp;gt; from &amp;lt;div class=&amp;quot;cdk-overlay-container&amp;quot;&amp;gt;…&amp;lt;/div&amp;gt; subtree intercepts pointer events
retrying click action, attempt #49
  waiting 500ms
  waiting for element to be visible, enabled and stable
  element is visible, enabled and stable
  scrolling into view if needed
  done scrolling
  &amp;lt;div class=&amp;quot;cdk-overlay-backdrop cdk-overlay-dark-bac…&amp;gt;&amp;lt;/div&amp;gt; from &amp;lt;div class=&amp;quot;cdk-overlay-container&amp;quot;&amp;gt;…&amp;lt;/div&amp;gt; subtree intercepts pointer events
retrying click action, attempt #50
  waiting 500ms
  waiting for element to be visible, enabled and stable
  element is visible, enabled and stable
  scrolling into view if needed
  done scrolling
  &amp;lt;div class=&amp;quot;cdk-overlay-backdrop cdk-overlay-dark-bac…&amp;gt;&amp;lt;/div&amp;gt; from &amp;lt;div class=&amp;quot;cdk-overlay-container&amp;quot;&amp;gt;…&amp;lt;/div&amp;gt; subtree intercepts pointer events
retrying click action, attempt #51
  waiting 500ms
  waiting for element to be visible, enabled and stable
  element is visible, enabled and stable
  scrolling into view if needed
  done scrolling
  &amp;lt;div class=&amp;quot;cdk-overlay-backdrop cdk-overlay-dark-bac…&amp;gt;&amp;lt;/div&amp;gt; from &amp;lt;div class=&amp;quot;cdk-overlay-container&amp;quot;&amp;gt;…&amp;lt;/div&amp;gt; subtree intercepts pointer events
retrying click action, attempt #52
  waiting 500ms
  waiting for element to be visible, enabled and stable
  element is visible, enabled and stable
  scrolling into view if needed
  done scrolling
  &amp;lt;div class=&amp;quot;cdk-overlay-backdrop cdk-overlay-dark-bac…&amp;gt;&amp;lt;/div&amp;gt; from &amp;lt;div class=&amp;quot;cdk-overlay-container&amp;quot;&amp;gt;…&amp;lt;/div&amp;gt; subtree intercepts pointer events
retrying click action, attempt #53
  waiting 500ms
  waiting for element to be visible, enabled and stable
  element is visible, enabled and stable
  scrolling into view if needed
  done scrolling
  &amp;lt;div class=&amp;quot;cdk-overlay-backdrop cdk-overlay-dark-bac…&amp;gt;&amp;lt;/div&amp;gt; from &amp;lt;div class=&amp;quot;cdk-overlay-container&amp;quot;&amp;gt;…&amp;lt;/div&amp;gt; subtree intercepts pointer events
retrying click action, attempt #54
  waiting 500ms
  waiting for element to be visible, enabled and stable
  element is visible, enabled and stable
  scrolling into view if needed
  done scrolling
  &amp;lt;div class=&amp;quot;cdk-overlay-backdrop cdk-overlay-dark-bac…&amp;gt;&amp;lt;/div&amp;gt; from &amp;lt;div class=&amp;quot;cdk-overlay-container&amp;quot;&amp;gt;…&amp;lt;/div&amp;gt; subtree intercepts pointer events
retrying click action, attempt #55
  waiting 500ms
  waiting for element to be visible, enabled and stable
  element is visible, enabled and stable
  scrolling into view if needed
  done scrolling
  &amp;lt;div class=&amp;quot;cdk-overlay-backdrop cdk-overlay-dark-bac…&amp;gt;&amp;lt;/div&amp;gt; from &amp;lt;div class=&amp;quot;cdk-overlay-container&amp;quot;&amp;gt;…&amp;lt;/div&amp;gt; subtree intercepts pointer events
retrying click action, attempt #56
  waiting 500ms
  waiting for element to be visible, enabled and stable
  element is visible, enabled and stable
  scrolling into view if needed
  done scrolling
  &amp;lt;div class=&amp;quot;cdk-overlay-backdrop cdk-overlay-dark-bac…&amp;gt;&amp;lt;/div&amp;gt; from &amp;lt;div class=&amp;quot;cdk-overlay-container&amp;quot;&amp;gt;…&amp;lt;/div&amp;gt; subtree intercepts pointer events
retrying click action, attempt #57
  waiting 500ms
  waiting for element to be visible, enabled and stable
  element is visible, enabled and stable
  scrolling into view if needed
  done scrolling
  &amp;lt;div class=&amp;quot;cdk-overlay-backdrop cdk-overlay-dark-bac…&amp;gt;&amp;lt;/div&amp;gt; from &amp;lt;div class=&amp;quot;cdk-overlay-container&amp;quot;&amp;gt;…&amp;lt;/div&amp;gt; subtree intercepts pointer events
retrying click action, attempt #58
  waiting 500ms
  waiting for element to be visible, enabled and stable
  element is visible, enabled and stable
  scrolling into view if needed
  done scrolling
  &amp;lt;div class=&amp;quot;cdk-overlay-backdrop cdk-overlay-dark-bac…&amp;gt;&amp;lt;/div&amp;gt; from &amp;lt;div class=&amp;quot;cdk-overlay-container&amp;quot;&amp;gt;…&amp;lt;/div&amp;gt; subtree intercepts pointer events
retrying click action, attempt #59
  waiting 500ms
  waiting for element to be visible, enabled and stable
  element is visible, enabled and stable
  scrolling into view if needed
  done scrolling
  &amp;lt;div class=&amp;quot;cdk-overlay-backdrop cdk-overlay-dark-bac…&amp;gt;&amp;lt;/div&amp;gt; from &amp;lt;div class=&amp;quot;cdk-overlay-container&amp;quot;&amp;gt;…&amp;lt;/div&amp;gt; subtree intercepts pointer events
retrying click action, attempt #60
  waiting 500ms
  waiting for element to be visible, enabled and stable
  element is visible, enabled and stable
  scrolling into view if needed
  done scrolling
  &amp;lt;div class=&amp;quot;cdk-overlay-backdrop cdk-overlay-dark-bac…&amp;gt;&amp;lt;/div&amp;gt; from &amp;lt;div class=&amp;quot;cdk-overlay-container&amp;quot;&amp;gt;…&amp;lt;/div&amp;gt; subtree intercepts pointer events
retrying click action, attempt #61
  waiting 500ms
============================================================
    at ProgressController.run (C:\Users\CZ0129\AppData\Local\Temp\playwright-java-1399059492355809948\package\lib\server\progress.js:88:26)
    at Frame.click (C:\Users\CZ0129\AppData\Local\Temp\playwright-java-1399059492355809948\package\lib\server\frames.js:1011:23)
    at FrameDispatcher.click (C:\Users\CZ0129\AppData\Local\Temp\playwright-java-1399059492355809948\package\lib\server\dispatchers\frameDispatcher.js:149:30)
    at DispatcherConnection.dispatch (C:\Users\CZ0129\AppData\Local\Temp\playwright-java-1399059492355809948\package\lib\server\dispatchers\dispatcher.js:319:46)
}">
      <![CDATA[com.microsoft.playwright.TimeoutError: Error {
  message='Timeout 30000ms exceeded.
=========================== logs ===========================
waiting for locator("xpath=//button[@color='warn']")
  locator resolved to 2 elements. Proceeding with the first one: <button color="warn" mat-mini-fab="" _ngcontent-roo-c721…>…</button>
attempting click action
  waiting for element to be visible, enabled and stable
  element is visible, enabled and stable
  scrolling into view if needed
  done scrolling
  <div class="cdk-overlay-backdrop cdk-overlay-dark-bac…></div> from <div class="cdk-overlay-container">…</div> subtree intercepts pointer events
retrying click action, attempt #1
  waiting for element to be visible, enabled and stable
  element is visible, enabled and stable
  scrolling into view if needed
  done scrolling
  <div class="cdk-overlay-backdrop cdk-overlay-dark-bac…></div> from <div class="cdk-overlay-container">…</div> subtree intercepts pointer events
retrying click action, attempt #2
  waiting 20ms
  waiting for element to be visible, enabled and stable
  element is visible, enabled and stable
  scrolling into view if needed
  done scrolling
  <div class="cdk-overlay-backdrop cdk-overlay-dark-bac…></div> from <div class="cdk-overlay-container">…</div> subtree intercepts pointer events
retrying click action, attempt #3
  waiting 100ms
  waiting for element to be visible, enabled and stable
  element is visible, enabled and stable
  scrolling into view if needed
  done scrolling
  <div class="cdk-overlay-backdrop cdk-overlay-dark-bac…></div> from <div class="cdk-overlay-container">…</div> subtree intercepts pointer events
retrying click action, attempt #4
  waiting 100ms
  waiting for element to be visible, enabled and stable
  element is visible, enabled and stable
  scrolling into view if needed
  done scrolling
  <div class="cdk-overlay-backdrop cdk-overlay-dark-bac…></div> from <div class="cdk-overlay-container">…</div> subtree intercepts pointer events
retrying click action, attempt #5
  waiting 500ms
  waiting for element to be visible, enabled and stable
  element is visible, enabled and stable
  scrolling into view if needed
  done scrolling
  <div class="cdk-overlay-backdrop cdk-overlay-dark-bac…></div> from <div class="cdk-overlay-container">…</div> subtree intercepts pointer events
retrying click action, attempt #6
  waiting 500ms
  waiting for element to be visible, enabled and stable
  element is visible, enabled and stable
  scrolling into view if needed
  done scrolling
  <div class="cdk-overlay-backdrop cdk-overlay-dark-bac…></div> from <div class="cdk-overlay-container">…</div> subtree intercepts pointer events
retrying click action, attempt #7
  waiting 500ms
  waiting for element to be visible, enabled and stable
  element is visible, enabled and stable
  scrolling into view if needed
  done scrolling
  <div class="cdk-overlay-backdrop cdk-overlay-dark-bac…></div> from <div class="cdk-overlay-container">…</div> subtree intercepts pointer events
retrying click action, attempt #8
  waiting 500ms
  waiting for element to be visible, enabled and stable
  element is visible, enabled and stable
  scrolling into view if needed
  done scrolling
  <div class="cdk-overlay-backdrop cdk-overlay-dark-bac…></div> from <div class="cdk-overlay-container">…</div> subtree intercepts pointer events
retrying click action, attempt #9
  waiting 500ms
  waiting for element to be visible, enabled and stable
  element is visible, enabled and stable
  scrolling into view if needed
  done scrolling
  <div class="cdk-overlay-backdrop cdk-overlay-dark-bac…></div> from <div class="cdk-overlay-container">…</div> subtree intercepts pointer events
retrying click action, attempt #10
  waiting 500ms
  waiting for element to be visible, enabled and stable
  element is visible, enabled and stable
  scrolling into view if needed
  done scrolling
  <div class="cdk-overlay-backdrop cdk-overlay-dark-bac…></div> from <div class="cdk-overlay-container">…</div> subtree intercepts pointer events
retrying click action, attempt #11
  waiting 500ms
  waiting for element to be visible, enabled and stable
  element is visible, enabled and stable
  scrolling into view if needed
  done scrolling
  <div class="cdk-overlay-backdrop cdk-overlay-dark-bac…></div> from <div class="cdk-overlay-container">…</div> subtree intercepts pointer events
retrying click action, attempt #12
  waiting 500ms
  waiting for element to be visible, enabled and stable
  element is visible, enabled and stable
  scrolling into view if needed
  done scrolling
  <div class="cdk-overlay-backdrop cdk-overlay-dark-bac…></div> from <div class="cdk-overlay-container">…</div> subtree intercepts pointer events
retrying click action, attempt #13
  waiting 500ms
  waiting for element to be visible, enabled and stable
  element is visible, enabled and stable
  scrolling into view if needed
  done scrolling
  <div class="cdk-overlay-backdrop cdk-overlay-dark-bac…></div> from <div class="cdk-overlay-container">…</div> subtree intercepts pointer events
retrying click action, attempt #14
  waiting 500ms
  waiting for element to be visible, enabled and stable
  element is visible, enabled and stable
  scrolling into view if needed
  done scrolling
  <div class="cdk-overlay-backdrop cdk-overlay-dark-bac…></div> from <div class="cdk-overlay-container">…</div> subtree intercepts pointer events
retrying click action, attempt #15
  waiting 500ms
  waiting for element to be visible, enabled and stable
  element is visible, enabled and stable
  scrolling into view if needed
  done scrolling
  <div class="cdk-overlay-backdrop cdk-overlay-dark-bac…></div> from <div class="cdk-overlay-container">…</div> subtree intercepts pointer events
retrying click action, attempt #16
  waiting 500ms
  waiting for element to be visible, enabled and stable
  element is visible, enabled and stable
  scrolling into view if needed
  done scrolling
  <div class="cdk-overlay-backdrop cdk-overlay-dark-bac…></div> from <div class="cdk-overlay-container">…</div> subtree intercepts pointer events
retrying click action, attempt #17
  waiting 500ms
  waiting for element to be visible, enabled and stable
  element is visible, enabled and stable
  scrolling into view if needed
  done scrolling
  <div class="cdk-overlay-backdrop cdk-overlay-dark-bac…></div> from <div class="cdk-overlay-container">…</div> subtree intercepts pointer events
retrying click action, attempt #18
  waiting 500ms
  waiting for element to be visible, enabled and stable
  element is visible, enabled and stable
  scrolling into view if needed
  done scrolling
  <div class="cdk-overlay-backdrop cdk-overlay-dark-bac…></div> from <div class="cdk-overlay-container">…</div> subtree intercepts pointer events
retrying click action, attempt #19
  waiting 500ms
  waiting for element to be visible, enabled and stable
  element is visible, enabled and stable
  scrolling into view if needed
  done scrolling
  <div class="cdk-overlay-backdrop cdk-overlay-dark-bac…></div> from <div class="cdk-overlay-container">…</div> subtree intercepts pointer events
retrying click action, attempt #20
  waiting 500ms
  waiting for element to be visible, enabled and stable
  element is visible, enabled and stable
  scrolling into view if needed
  done scrolling
  <div class="cdk-overlay-backdrop cdk-overlay-dark-bac…></div> from <div class="cdk-overlay-container">…</div> subtree intercepts pointer events
retrying click action, attempt #21
  waiting 500ms
  waiting for element to be visible, enabled and stable
  element is visible, enabled and stable
  scrolling into view if needed
  done scrolling
  <div class="cdk-overlay-backdrop cdk-overlay-dark-bac…></div> from <div class="cdk-overlay-container">…</div> subtree intercepts pointer events
retrying click action, attempt #22
  waiting 500ms
  waiting for element to be visible, enabled and stable
  element is visible, enabled and stable
  scrolling into view if needed
  done scrolling
  <div class="cdk-overlay-backdrop cdk-overlay-dark-bac…></div> from <div class="cdk-overlay-container">…</div> subtree intercepts pointer events
retrying click action, attempt #23
  waiting 500ms
  waiting for element to be visible, enabled and stable
  element is visible, enabled and stable
  scrolling into view if needed
  done scrolling
  <div class="cdk-overlay-backdrop cdk-overlay-dark-bac…></div> from <div class="cdk-overlay-container">…</div> subtree intercepts pointer events
retrying click action, attempt #24
  waiting 500ms
  waiting for element to be visible, enabled and stable
  element is visible, enabled and stable
  scrolling into view if needed
  done scrolling
  <div class="cdk-overlay-backdrop cdk-overlay-dark-bac…></div> from <div class="cdk-overlay-container">…</div> subtree intercepts pointer events
retrying click action, attempt #25
  waiting 500ms
  waiting for element to be visible, enabled and stable
  element is visible, enabled and stable
  scrolling into view if needed
  done scrolling
  <div class="cdk-overlay-backdrop cdk-overlay-dark-bac…></div> from <div class="cdk-overlay-container">…</div> subtree intercepts pointer events
retrying click action, attempt #26
  waiting 500ms
  waiting for element to be visible, enabled and stable
  element is visible, enabled and stable
  scrolling into view if needed
  done scrolling
  <div class="cdk-overlay-backdrop cdk-overlay-dark-bac…></div> from <div class="cdk-overlay-container">…</div> subtree intercepts pointer events
retrying click action, attempt #27
  waiting 500ms
  waiting for element to be visible, enabled and stable
  element is visible, enabled and stable
  scrolling into view if needed
  done scrolling
  <div class="cdk-overlay-backdrop cdk-overlay-dark-bac…></div> from <div class="cdk-overlay-container">…</div> subtree intercepts pointer events
retrying click action, attempt #28
  waiting 500ms
  waiting for element to be visible, enabled and stable
  element is visible, enabled and stable
  scrolling into view if needed
  done scrolling
  <div class="cdk-overlay-backdrop cdk-overlay-dark-bac…></div> from <div class="cdk-overlay-container">…</div> subtree intercepts pointer events
retrying click action, attempt #29
  waiting 500ms
  waiting for element to be visible, enabled and stable
  element is visible, enabled and stable
  scrolling into view if needed
  done scrolling
  <div class="cdk-overlay-backdrop cdk-overlay-dark-bac…></div> from <div class="cdk-overlay-container">…</div> subtree intercepts pointer events
retrying click action, attempt #30
  waiting 500ms
  waiting for element to be visible, enabled and stable
  element is visible, enabled and stable
  scrolling into view if needed
  done scrolling
  <div class="cdk-overlay-backdrop cdk-overlay-dark-bac…></div> from <div class="cdk-overlay-container">…</div> subtree intercepts pointer events
retrying click action, attempt #31
  waiting 500ms
  waiting for element to be visible, enabled and stable
  element is visible, enabled and stable
  scrolling into view if needed
  done scrolling
  <div class="cdk-overlay-backdrop cdk-overlay-dark-bac…></div> from <div class="cdk-overlay-container">…</div> subtree intercepts pointer events
retrying click action, attempt #32
  waiting 500ms
  waiting for element to be visible, enabled and stable
  element is visible, enabled and stable
  scrolling into view if needed
  done scrolling
  <div class="cdk-overlay-backdrop cdk-overlay-dark-bac…></div> from <div class="cdk-overlay-container">…</div> subtree intercepts pointer events
retrying click action, attempt #33
  waiting 500ms
  waiting for element to be visible, enabled and stable
  element is visible, enabled and stable
  scrolling into view if needed
  done scrolling
  <div class="cdk-overlay-backdrop cdk-overlay-dark-bac…></div> from <div class="cdk-overlay-container">…</div> subtree intercepts pointer events
retrying click action, attempt #34
  waiting 500ms
  waiting for element to be visible, enabled and stable
  element is visible, enabled and stable
  scrolling into view if needed
  done scrolling
  <div class="cdk-overlay-backdrop cdk-overlay-dark-bac…></div> from <div class="cdk-overlay-container">…</div> subtree intercepts pointer events
retrying click action, attempt #35
  waiting 500ms
  waiting for element to be visible, enabled and stable
  element is visible, enabled and stable
  scrolling into view if needed
  done scrolling
  <div class="cdk-overlay-backdrop cdk-overlay-dark-bac…></div> from <div class="cdk-overlay-container">…</div> subtree intercepts pointer events
retrying click action, attempt #36
  waiting 500ms
  waiting for element to be visible, enabled and stable
  element is visible, enabled and stable
  scrolling into view if needed
  done scrolling
  <div class="cdk-overlay-backdrop cdk-overlay-dark-bac…></div> from <div class="cdk-overlay-container">…</div> subtree intercepts pointer events
retrying click action, attempt #37
  waiting 500ms
  waiting for element to be visible, enabled and stable
  element is visible, enabled and stable
  scrolling into view if needed
  done scrolling
  <div class="cdk-overlay-backdrop cdk-overlay-dark-bac…></div> from <div class="cdk-overlay-container">…</div> subtree intercepts pointer events
retrying click action, attempt #38
  waiting 500ms
  waiting for element to be visible, enabled and stable
  element is visible, enabled and stable
  scrolling into view if needed
  done scrolling
  <div class="cdk-overlay-backdrop cdk-overlay-dark-bac…></div> from <div class="cdk-overlay-container">…</div> subtree intercepts pointer events
retrying click action, attempt #39
  waiting 500ms
  waiting for element to be visible, enabled and stable
  element is visible, enabled and stable
  scrolling into view if needed
  done scrolling
  <div class="cdk-overlay-backdrop cdk-overlay-dark-bac…></div> from <div class="cdk-overlay-container">…</div> subtree intercepts pointer events
retrying click action, attempt #40
  waiting 500ms
  waiting for element to be visible, enabled and stable
  element is visible, enabled and stable
  scrolling into view if needed
  done scrolling
  <div class="cdk-overlay-backdrop cdk-overlay-dark-bac…></div> from <div class="cdk-overlay-container">…</div> subtree intercepts pointer events
retrying click action, attempt #41
  waiting 500ms
  waiting for element to be visible, enabled and stable
  element is visible, enabled and stable
  scrolling into view if needed
  done scrolling
  <div class="cdk-overlay-backdrop cdk-overlay-dark-bac…></div> from <div class="cdk-overlay-container">…</div> subtree intercepts pointer events
retrying click action, attempt #42
  waiting 500ms
  waiting for element to be visible, enabled and stable
  element is visible, enabled and stable
  scrolling into view if needed
  done scrolling
  <div class="cdk-overlay-backdrop cdk-overlay-dark-bac…></div> from <div class="cdk-overlay-container">…</div> subtree intercepts pointer events
retrying click action, attempt #43
  waiting 500ms
  waiting for element to be visible, enabled and stable
  element is visible, enabled and stable
  scrolling into view if needed
  done scrolling
  <div class="cdk-overlay-backdrop cdk-overlay-dark-bac…></div> from <div class="cdk-overlay-container">…</div> subtree intercepts pointer events
retrying click action, attempt #44
  waiting 500ms
  waiting for element to be visible, enabled and stable
  element is visible, enabled and stable
  scrolling into view if needed
  done scrolling
  <div class="cdk-overlay-backdrop cdk-overlay-dark-bac…></div> from <div class="cdk-overlay-container">…</div> subtree intercepts pointer events
retrying click action, attempt #45
  waiting 500ms
  waiting for element to be visible, enabled and stable
  element is visible, enabled and stable
  scrolling into view if needed
  done scrolling
  <div class="cdk-overlay-backdrop cdk-overlay-dark-bac…></div> from <div class="cdk-overlay-container">…</div> subtree intercepts pointer events
retrying click action, attempt #46
  waiting 500ms
  waiting for element to be visible, enabled and stable
  element is visible, enabled and stable
  scrolling into view if needed
  done scrolling
  <div class="cdk-overlay-backdrop cdk-overlay-dark-bac…></div> from <div class="cdk-overlay-container">…</div> subtree intercepts pointer events
retrying click action, attempt #47
  waiting 500ms
  waiting for element to be visible, enabled and stable
  element is visible, enabled and stable
  scrolling into view if needed
  done scrolling
  <div class="cdk-overlay-backdrop cdk-overlay-dark-bac…></div> from <div class="cdk-overlay-container">…</div> subtree intercepts pointer events
retrying click action, attempt #48
  waiting 500ms
  waiting for element to be visible, enabled and stable
  element is visible, enabled and stable
  scrolling into view if needed
  done scrolling
  <div class="cdk-overlay-backdrop cdk-overlay-dark-bac…></div> from <div class="cdk-overlay-container">…</div> subtree intercepts pointer events
retrying click action, attempt #49
  waiting 500ms
  waiting for element to be visible, enabled and stable
  element is visible, enabled and stable
  scrolling into view if needed
  done scrolling
  <div class="cdk-overlay-backdrop cdk-overlay-dark-bac…></div> from <div class="cdk-overlay-container">…</div> subtree intercepts pointer events
retrying click action, attempt #50
  waiting 500ms
  waiting for element to be visible, enabled and stable
  element is visible, enabled and stable
  scrolling into view if needed
  done scrolling
  <div class="cdk-overlay-backdrop cdk-overlay-dark-bac…></div> from <div class="cdk-overlay-container">…</div> subtree intercepts pointer events
retrying click action, attempt #51
  waiting 500ms
  waiting for element to be visible, enabled and stable
  element is visible, enabled and stable
  scrolling into view if needed
  done scrolling
  <div class="cdk-overlay-backdrop cdk-overlay-dark-bac…></div> from <div class="cdk-overlay-container">…</div> subtree intercepts pointer events
retrying click action, attempt #52
  waiting 500ms
  waiting for element to be visible, enabled and stable
  element is visible, enabled and stable
  scrolling into view if needed
  done scrolling
  <div class="cdk-overlay-backdrop cdk-overlay-dark-bac…></div> from <div class="cdk-overlay-container">…</div> subtree intercepts pointer events
retrying click action, attempt #53
  waiting 500ms
  waiting for element to be visible, enabled and stable
  element is visible, enabled and stable
  scrolling into view if needed
  done scrolling
  <div class="cdk-overlay-backdrop cdk-overlay-dark-bac…></div> from <div class="cdk-overlay-container">…</div> subtree intercepts pointer events
retrying click action, attempt #54
  waiting 500ms
  waiting for element to be visible, enabled and stable
  element is visible, enabled and stable
  scrolling into view if needed
  done scrolling
  <div class="cdk-overlay-backdrop cdk-overlay-dark-bac…></div> from <div class="cdk-overlay-container">…</div> subtree intercepts pointer events
retrying click action, attempt #55
  waiting 500ms
  waiting for element to be visible, enabled and stable
  element is visible, enabled and stable
  scrolling into view if needed
  done scrolling
  <div class="cdk-overlay-backdrop cdk-overlay-dark-bac…></div> from <div class="cdk-overlay-container">…</div> subtree intercepts pointer events
retrying click action, attempt #56
  waiting 500ms
  waiting for element to be visible, enabled and stable
  element is visible, enabled and stable
  scrolling into view if needed
  done scrolling
  <div class="cdk-overlay-backdrop cdk-overlay-dark-bac…></div> from <div class="cdk-overlay-container">…</div> subtree intercepts pointer events
retrying click action, attempt #57
  waiting 500ms
  waiting for element to be visible, enabled and stable
  element is visible, enabled and stable
  scrolling into view if needed
  done scrolling
  <div class="cdk-overlay-backdrop cdk-overlay-dark-bac…></div> from <div class="cdk-overlay-container">…</div> subtree intercepts pointer events
retrying click action, attempt #58
  waiting 500ms
  waiting for element to be visible, enabled and stable
  element is visible, enabled and stable
  scrolling into view if needed
  done scrolling
  <div class="cdk-overlay-backdrop cdk-overlay-dark-bac…></div> from <div class="cdk-overlay-container">…</div> subtree intercepts pointer events
retrying click action, attempt #59
  waiting 500ms
  waiting for element to be visible, enabled and stable
  element is visible, enabled and stable
  scrolling into view if needed
  done scrolling
  <div class="cdk-overlay-backdrop cdk-overlay-dark-bac…></div> from <div class="cdk-overlay-container">…</div> subtree intercepts pointer events
retrying click action, attempt #60
  waiting 500ms
  waiting for element to be visible, enabled and stable
  element is visible, enabled and stable
  scrolling into view if needed
  done scrolling
  <div class="cdk-overlay-backdrop cdk-overlay-dark-bac…></div> from <div class="cdk-overlay-container">…</div> subtree intercepts pointer events
retrying click action, attempt #61
  waiting 500ms
============================================================
  name='TimeoutError
  stack='TimeoutError: Timeout 30000ms exceeded.
=========================== logs ===========================
waiting for locator("xpath=//button[@color='warn']")
  locator resolved to 2 elements. Proceeding with the first one: <button color="warn" mat-mini-fab="" _ngcontent-roo-c721…>…</button>
attempting click action
  waiting for element to be visible, enabled and stable
  element is visible, enabled and stable
  scrolling into view if needed
  done scrolling
  <div class="cdk-overlay-backdrop cdk-overlay-dark-bac…></div> from <div class="cdk-overlay-container">…</div> subtree intercepts pointer events
retrying click action, attempt #1
  waiting for element to be visible, enabled and stable
  element is visible, enabled and stable
  scrolling into view if needed
  done scrolling
  <div class="cdk-overlay-backdrop cdk-overlay-dark-bac…></div> from <div class="cdk-overlay-container">…</div> subtree intercepts pointer events
retrying click action, attempt #2
  waiting 20ms
  waiting for element to be visible, enabled and stable
  element is visible, enabled and stable
  scrolling into view if needed
  done scrolling
  <div class="cdk-overlay-backdrop cdk-overlay-dark-bac…></div> from <div class="cdk-overlay-container">…</div> subtree intercepts pointer events
retrying click action, attempt #3
  waiting 100ms
  waiting for element to be visible, enabled and stable
  element is visible, enabled and stable
  scrolling into view if needed
  done scrolling
  <div class="cdk-overlay-backdrop cdk-overlay-dark-bac…></div> from <div class="cdk-overlay-container">…</div> subtree intercepts pointer events
retrying click action, attempt #4
  waiting 100ms
  waiting for element to be visible, enabled and stable
  element is visible, enabled and stable
  scrolling into view if needed
  done scrolling
  <div class="cdk-overlay-backdrop cdk-overlay-dark-bac…></div> from <div class="cdk-overlay-container">…</div> subtree intercepts pointer events
retrying click action, attempt #5
  waiting 500ms
  waiting for element to be visible, enabled and stable
  element is visible, enabled and stable
  scrolling into view if needed
  done scrolling
  <div class="cdk-overlay-backdrop cdk-overlay-dark-bac…></div> from <div class="cdk-overlay-container">…</div> subtree intercepts pointer events
retrying click action, attempt #6
  waiting 500ms
  waiting for element to be visible, enabled and stable
  element is visible, enabled and stable
  scrolling into view if needed
  done scrolling
  <div class="cdk-overlay-backdrop cdk-overlay-dark-bac…></div> from <div class="cdk-overlay-container">…</div> subtree intercepts pointer events
retrying click action, attempt #7
  waiting 500ms
  waiting for element to be visible, enabled and stable
  element is visible, enabled and stable
  scrolling into view if needed
  done scrolling
  <div class="cdk-overlay-backdrop cdk-overlay-dark-bac…></div> from <div class="cdk-overlay-container">…</div> subtree intercepts pointer events
retrying click action, attempt #8
  waiting 500ms
  waiting for element to be visible, enabled and stable
  element is visible, enabled and stable
  scrolling into view if needed
  done scrolling
  <div class="cdk-overlay-backdrop cdk-overlay-dark-bac…></div> from <div class="cdk-overlay-container">…</div> subtree intercepts pointer events
retrying click action, attempt #9
  waiting 500ms
  waiting for element to be visible, enabled and stable
  element is visible, enabled and stable
  scrolling into view if needed
  done scrolling
  <div class="cdk-overlay-backdrop cdk-overlay-dark-bac…></div> from <div class="cdk-overlay-container">…</div> subtree intercepts pointer events
retrying click action, attempt #10
  waiting 500ms
  waiting for element to be visible, enabled and stable
  element is visible, enabled and stable
  scrolling into view if needed
  done scrolling
  <div class="cdk-overlay-backdrop cdk-overlay-dark-bac…></div> from <div class="cdk-overlay-container">…</div> subtree intercepts pointer events
retrying click action, attempt #11
  waiting 500ms
  waiting for element to be visible, enabled and stable
  element is visible, enabled and stable
  scrolling into view if needed
  done scrolling
  <div class="cdk-overlay-backdrop cdk-overlay-dark-bac…></div> from <div class="cdk-overlay-container">…</div> subtree intercepts pointer events
retrying click action, attempt #12
  waiting 500ms
  waiting for element to be visible, enabled and stable
  element is visible, enabled and stable
  scrolling into view if needed
  done scrolling
  <div class="cdk-overlay-backdrop cdk-overlay-dark-bac…></div> from <div class="cdk-overlay-container">…</div> subtree intercepts pointer events
[...]
retrying click action, attempt #6
  waiting 500ms
  waiting for element to be visible, enabled and stable
  element is visible, enabled and stable
  scrolling into view if needed
  done scrolling
  <div class="cdk-overlay-backdrop cdk-overlay-dark-bac…></div> from <div class="cdk-overlay-container">…</div> subtree intercepts pointer events
retrying click action, attempt #7
  waiting 500ms
  waiting for element to be visible, enabled and stable
  element is visible, enabled and stable
  scrolling into view if needed
  done scrolling
  <div class="cdk-overlay-backdrop cdk-overlay-dark-bac…></div> from <div class="cdk-overlay-container">…</div> subtree intercepts pointer events
retrying click action, attempt #8
  waiting 500ms
  waiting for element to be visible, enabled and stable
  element is visible, enabled and stable
  scrolling into view if needed
  done scrolling
  <div class="cdk-overlay-backdrop cdk-overlay-dark-bac…></div> from <div class="cdk-overlay-container">…</div> subtree intercepts pointer events
retrying click action, attempt #9
  waiting 500ms
  waiting for element to be visible, enabled and stable
  element is visible, enabled and stable
  scrolling into view if needed
  done scrolling
  <div class="cdk-overlay-backdrop cdk-overlay-dark-bac…></div> from <div class="cdk-overlay-container">…</div> subtree intercepts pointer events
retrying click action, attempt #10
  waiting 500ms
  waiting for element to be visible, enabled and stable
  element is visible, enabled and stable
  scrolling into view if needed
  done scrolling
  <div class="cdk-overlay-backdrop cdk-overlay-dark-bac…></div> from <div class="cdk-overlay-container">…</div> subtree intercepts pointer events
retrying click action, attempt #11
  waiting 500ms
  waiting for element to be visible, enabled and stable
  element is visible, enabled and stable
  scrolling into view if needed
  done scrolling
  <div class="cdk-overlay-backdrop cdk-overlay-dark-bac…></div> from <div class="cdk-overlay-container">…</div> subtree intercepts pointer events
retrying click action, attempt #12
  waiting 500ms
  waiting for element to be visible, enabled and stable
  element is visible, enabled and stable
  scrolling into view if needed
  done scrolling
  <div class="cdk-overlay-backdrop cdk-overlay-dark-bac…></div> from <div class="cdk-overlay-container">…</div> subtree intercepts pointer events
retrying click action, attempt #13
  waiting 500ms
  waiting for element to be visible, enabled and stable
  element is visible, enabled and stable
  scrolling into view if needed
  done scrolling
  <div class="cdk-overlay-backdrop cdk-overlay-dark-bac…></div> from <div class="cdk-overlay-container">…</div> subtree intercepts pointer events
retrying click action, attempt #14
  waiting 500ms
  waiting for element to be visible, enabled and stable
  element is visible, enabled and stable
  scrolling into view if needed
  done scrolling
  <div class="cdk-overlay-backdrop cdk-overlay-dark-bac…></div> from <div class="cdk-overlay-container">…</div> subtree intercepts pointer events
retrying click action, attempt #15
  waiting 500ms
  waiting for element to be visible, enabled and stable
  element is visible, enabled and stable
  scrolling into view if needed
  done scrolling
  <div class="cdk-overlay-backdrop cdk-overlay-dark-bac…></div> from <div class="cdk-overlay-container">…</div> subtree intercepts pointer events
retrying click action, attempt #16
  waiting 500ms
  waiting for element to be visible, enabled and stable
  element is visible, enabled and stable
  scrolling into view if needed
  done scrolling
  <div class="cdk-overlay-backdrop cdk-overlay-dark-bac…></div> from <div class="cdk-overlay-container">…</div> subtree intercepts pointer events
retrying click action, attempt #17
  waiting 500ms
  waiting for element to be visible, enabled and stable
  element is visible, enabled and stable
  scrolling into view if needed
  done scrolling
  <div class="cdk-overlay-backdrop cdk-overlay-dark-bac…></div> from <div class="cdk-overlay-container">…</div> subtree intercepts pointer events
retrying click action, attempt #18
  waiting 500ms
  waiting for element to be visible, enabled and stable
  element is visible, enabled and stable
  scrolling into view if needed
  done scrolling
  <div class="cdk-overlay-backdrop cdk-overlay-dark-bac…></div> from <div class="cdk-overlay-container">…</div> subtree intercepts pointer events
retrying click action, attempt #19
  waiting 500ms
  waiting for element to be visible, enabled and stable
  element is visible, enabled and stable
  scrolling into view if needed
  done scrolling
  <div class="cdk-overlay-backdrop cdk-overlay-dark-bac…></div> from <div class="cdk-overlay-container">…</div> subtree intercepts pointer events
retrying click action, attempt #20
  waiting 500ms
  waiting for element to be visible, enabled and stable
  element is visible, enabled and stable
  scrolling into view if needed
  done scrolling
  <div class="cdk-overlay-backdrop cdk-overlay-dark-bac…></div> from <div class="cdk-overlay-container">…</div> subtree intercepts pointer events
retrying click action, attempt #21
  waiting 500ms
  waiting for element to be visible, enabled and stable
  element is visible, enabled and stable
  scrolling into view if needed
  done scrolling
  <div class="cdk-overlay-backdrop cdk-overlay-dark-bac…></div> from <div class="cdk-overlay-container">…</div> subtree intercepts pointer events
retrying click action, attempt #22
  waiting 500ms
  waiting for element to be visible, enabled and stable
  element is visible, enabled and stable
  scrolling into view if needed
  done scrolling
  <div class="cdk-overlay-backdrop cdk-overlay-dark-bac…></div> from <div class="cdk-overlay-container">…</div> subtree intercepts pointer events
retrying click action, attempt #23
  waiting 500ms
  waiting for element to be visible, enabled and stable
  element is visible, enabled and stable
  scrolling into view if needed
  done scrolling
  <div class="cdk-overlay-backdrop cdk-overlay-dark-bac…></div> from <div class="cdk-overlay-container">…</div> subtree intercepts pointer events
retrying click action, attempt #24
  waiting 500ms
  waiting for element to be visible, enabled and stable
  element is visible, enabled and stable
  scrolling into view if needed
  done scrolling
  <div class="cdk-overlay-backdrop cdk-overlay-dark-bac…></div> from <div class="cdk-overlay-container">…</div> subtree intercepts pointer events
retrying click action, attempt #25
  waiting 500ms
  waiting for element to be visible, enabled and stable
  element is visible, enabled and stable
  scrolling into view if needed
  done scrolling
  <div class="cdk-overlay-backdrop cdk-overlay-dark-bac…></div> from <div class="cdk-overlay-container">…</div> subtree intercepts pointer events
retrying click action, attempt #26
  waiting 500ms
  waiting for element to be visible, enabled and stable
  element is visible, enabled and stable
  scrolling into view if needed
  done scrolling
  <div class="cdk-overlay-backdrop cdk-overlay-dark-bac…></div> from <div class="cdk-overlay-container">…</div> subtree intercepts pointer events
retrying click action, attempt #27
  waiting 500ms
  waiting for element to be visible, enabled and stable
  element is visible, enabled and stable
  scrolling into view if needed
  done scrolling
  <div class="cdk-overlay-backdrop cdk-overlay-dark-bac…></div> from <div class="cdk-overlay-container">…</div> subtree intercepts pointer events
retrying click action, attempt #28
  waiting 500ms
  waiting for element to be visible, enabled and stable
  element is visible, enabled and stable
  scrolling into view if needed
  done scrolling
  <div class="cdk-overlay-backdrop cdk-overlay-dark-bac…></div> from <div class="cdk-overlay-container">…</div> subtree intercepts pointer events
retrying click action, attempt #29
  waiting 500ms
  waiting for element to be visible, enabled and stable
  element is visible, enabled and stable
  scrolling into view if needed
  done scrolling
  <div class="cdk-overlay-backdrop cdk-overlay-dark-bac…></div> from <div class="cdk-overlay-container">…</div> subtree intercepts pointer events
retrying click action, attempt #30
  waiting 500ms
  waiting for element to be visible, enabled and stable
  element is visible, enabled and stable
  scrolling into view if needed
  done scrolling
  <div class="cdk-overlay-backdrop cdk-overlay-dark-bac…></div> from <div class="cdk-overlay-container">…</div> subtree intercepts pointer events
retrying click action, attempt #31
  waiting 500ms
  waiting for element to be visible, enabled and stable
  element is visible, enabled and stable
  scrolling into view if needed
  done scrolling
  <div class="cdk-overlay-backdrop cdk-overlay-dark-bac…></div> from <div class="cdk-overlay-container">…</div> subtree intercepts pointer events
retrying click action, attempt #32
  waiting 500ms
  waiting for element to be visible, enabled and stable
  element is visible, enabled and stable
  scrolling into view if needed
  done scrolling
  <div class="cdk-overlay-backdrop cdk-overlay-dark-bac…></div> from <div class="cdk-overlay-container">…</div> subtree intercepts pointer events
retrying click action, attempt #33
  waiting 500ms
  waiting for element to be visible, enabled and stable
  element is visible, enabled and stable
  scrolling into view if needed
  done scrolling
  <div class="cdk-overlay-backdrop cdk-overlay-dark-bac…></div> from <div class="cdk-overlay-container">…</div> subtree intercepts pointer events
retrying click action, attempt #34
  waiting 500ms
  waiting for element to be visible, enabled and stable
  element is visible, enabled and stable
  scrolling into view if needed
  done scrolling
  <div class="cdk-overlay-backdrop cdk-overlay-dark-bac…></div> from <div class="cdk-overlay-container">…</div> subtree intercepts pointer events
retrying click action, attempt #35
  waiting 500ms
  waiting for element to be visible, enabled and stable
  element is visible, enabled and stable
  scrolling into view if needed
  done scrolling
  <div class="cdk-overlay-backdrop cdk-overlay-dark-bac…></div> from <div class="cdk-overlay-container">…</div> subtree intercepts pointer events
retrying click action, attempt #36
  waiting 500ms
  waiting for element to be visible, enabled and stable
  element is visible, enabled and stable
  scrolling into view if needed
  done scrolling
  <div class="cdk-overlay-backdrop cdk-overlay-dark-bac…></div> from <div class="cdk-overlay-container">…</div> subtree intercepts pointer events
retrying click action, attempt #37
  waiting 500ms
  waiting for element to be visible, enabled and stable
  element is visible, enabled and stable
  scrolling into view if needed
  done scrolling
  <div class="cdk-overlay-backdrop cdk-overlay-dark-bac…></div> from <div class="cdk-overlay-container">…</div> subtree intercepts pointer events
retrying click action, attempt #38
  waiting 500ms
  waiting for element to be visible, enabled and stable
  element is visible, enabled and stable
  scrolling into view if needed
  done scrolling
  <div class="cdk-overlay-backdrop cdk-overlay-dark-bac…></div> from <div class="cdk-overlay-container">…</div> subtree intercepts pointer events
retrying click action, attempt #39
  waiting 500ms
  waiting for element to be visible, enabled and stable
  element is visible, enabled and stable
  scrolling into view if needed
  done scrolling
  <div class="cdk-overlay-backdrop cdk-overlay-dark-bac…></div> from <div class="cdk-overlay-container">…</div> subtree intercepts pointer events
retrying click action, attempt #40
  waiting 500ms
  waiting for element to be visible, enabled and stable
  element is visible, enabled and stable
  scrolling into view if needed
  done scrolling
  <div class="cdk-overlay-backdrop cdk-overlay-dark-bac…></div> from <div class="cdk-overlay-container">…</div> subtree intercepts pointer events
retrying click action, attempt #41
  waiting 500ms
  waiting for element to be visible, enabled and stable
  element is visible, enabled and stable
  scrolling into view if needed
  done scrolling
  <div class="cdk-overlay-backdrop cdk-overlay-dark-bac…></div> from <div class="cdk-overlay-container">…</div> subtree intercepts pointer events
retrying click action, attempt #42
  waiting 500ms
  waiting for element to be visible, enabled and stable
  element is visible, enabled and stable
  scrolling into view if needed
  done scrolling
  <div class="cdk-overlay-backdrop cdk-overlay-dark-bac…></div> from <div class="cdk-overlay-container">…</div> subtree intercepts pointer events
retrying click action, attempt #43
  waiting 500ms
  waiting for element to be visible, enabled and stable
  element is visible, enabled and stable
  scrolling into view if needed
  done scrolling
  <div class="cdk-overlay-backdrop cdk-overlay-dark-bac…></div> from <div class="cdk-overlay-container">…</div> subtree intercepts pointer events
retrying click action, attempt #44
  waiting 500ms
  waiting for element to be visible, enabled and stable
  element is visible, enabled and stable
  scrolling into view if needed
  done scrolling
  <div class="cdk-overlay-backdrop cdk-overlay-dark-bac…></div> from <div class="cdk-overlay-container">…</div> subtree intercepts pointer events
retrying click action, attempt #45
  waiting 500ms
  waiting for element to be visible, enabled and stable
  element is visible, enabled and stable
  scrolling into view if needed
  done scrolling
  <div class="cdk-overlay-backdrop cdk-overlay-dark-bac…></div> from <div class="cdk-overlay-container">…</div> subtree intercepts pointer events
retrying click action, attempt #46
  waiting 500ms
  waiting for element to be visible, enabled and stable
  element is visible, enabled and stable
  scrolling into view if needed
  done scrolling
  <div class="cdk-overlay-backdrop cdk-overlay-dark-bac…></div> from <div class="cdk-overlay-container">…</div> subtree intercepts pointer events
retrying click action, attempt #47
  waiting 500ms
  waiting for element to be visible, enabled and stable
  element is visible, enabled and stable
  scrolling into view if needed
  done scrolling
  <div class="cdk-overlay-backdrop cdk-overlay-dark-bac…></div> from <div class="cdk-overlay-container">…</div> subtree intercepts pointer events
retrying click action, attempt #48
  waiting 500ms
  waiting for element to be visible, enabled and stable
  element is visible, enabled and stable
  scrolling into view if needed
  done scrolling
  <div class="cdk-overlay-backdrop cdk-overlay-dark-bac…></div> from <div class="cdk-overlay-container">…</div> subtree intercepts pointer events
retrying click action, attempt #49
  waiting 500ms
  waiting for element to be visible, enabled and stable
  element is visible, enabled and stable
  scrolling into view if needed
  done scrolling
  <div class="cdk-overlay-backdrop cdk-overlay-dark-bac…></div> from <div class="cdk-overlay-container">…</div> subtree intercepts pointer events
retrying click action, attempt #50
  waiting 500ms
  waiting for element to be visible, enabled and stable
  element is visible, enabled and stable
  scrolling into view if needed
  done scrolling
  <div class="cdk-overlay-backdrop cdk-overlay-dark-bac…></div> from <div class="cdk-overlay-container">…</div> subtree intercepts pointer events
retrying click action, attempt #51
  waiting 500ms
  waiting for element to be visible, enabled and stable
  element is visible, enabled and stable
  scrolling into view if needed
  done scrolling
  <div class="cdk-overlay-backdrop cdk-overlay-dark-bac…></div> from <div class="cdk-overlay-container">…</div> subtree intercepts pointer events
retrying click action, attempt #52
  waiting 500ms
  waiting for element to be visible, enabled and stable
  element is visible, enabled and stable
  scrolling into view if needed
  done scrolling
  <div class="cdk-overlay-backdrop cdk-overlay-dark-bac…></div> from <div class="cdk-overlay-container">…</div> subtree intercepts pointer events
retrying click action, attempt #53
  waiting 500ms
  waiting for element to be visible, enabled and stable
  element is visible, enabled and stable
  scrolling into view if needed
  done scrolling
  <div class="cdk-overlay-backdrop cdk-overlay-dark-bac…></div> from <div class="cdk-overlay-container">…</div> subtree intercepts pointer events
retrying click action, attempt #54
  waiting 500ms
  waiting for element to be visible, enabled and stable
  element is visible, enabled and stable
  scrolling into view if needed
  done scrolling
  <div class="cdk-overlay-backdrop cdk-overlay-dark-bac…></div> from <div class="cdk-overlay-container">…</div> subtree intercepts pointer events
retrying click action, attempt #55
  waiting 500ms
  waiting for element to be visible, enabled and stable
  element is visible, enabled and stable
  scrolling into view if needed
  done scrolling
  <div class="cdk-overlay-backdrop cdk-overlay-dark-bac…></div> from <div class="cdk-overlay-container">…</div> subtree intercepts pointer events
retrying click action, attempt #56
  waiting 500ms
  waiting for element to be visible, enabled and stable
  element is visible, enabled and stable
  scrolling into view if needed
  done scrolling
  <div class="cdk-overlay-backdrop cdk-overlay-dark-bac…></div> from <div class="cdk-overlay-container">…</div> subtree intercepts pointer events
retrying click action, attempt #57
  waiting 500ms
  waiting for element to be visible, enabled and stable
  element is visible, enabled and stable
  scrolling into view if needed
  done scrolling
  <div class="cdk-overlay-backdrop cdk-overlay-dark-bac…></div> from <div class="cdk-overlay-container">…</div> subtree intercepts pointer events
retrying click action, attempt #58
  waiting 500ms
  waiting for element to be visible, enabled and stable
  element is visible, enabled and stable
  scrolling into view if needed
  done scrolling
  <div class="cdk-overlay-backdrop cdk-overlay-dark-bac…></div> from <div class="cdk-overlay-container">…</div> subtree intercepts pointer events
retrying click action, attempt #59
  waiting 500ms
  waiting for element to be visible, enabled and stable
  element is visible, enabled and stable
  scrolling into view if needed
  done scrolling
  <div class="cdk-overlay-backdrop cdk-overlay-dark-bac…></div> from <div class="cdk-overlay-container">…</div> subtree intercepts pointer events
retrying click action, attempt #60
  waiting 500ms
  waiting for element to be visible, enabled and stable
  element is visible, enabled and stable
  scrolling into view if needed
  done scrolling
  <div class="cdk-overlay-backdrop cdk-overlay-dark-bac…></div> from <div class="cdk-overlay-container">…</div> subtree intercepts pointer events
retrying click action, attempt #61
  waiting 500ms
============================================================
    at ProgressController.run (C:\Users\CZ0129\AppData\Local\Temp\playwright-java-1399059492355809948\package\lib\server\progress.js:88:26)
    at Frame.click (C:\Users\CZ0129\AppData\Local\Temp\playwright-java-1399059492355809948\package\lib\server\frames.js:1011:23)
    at FrameDispatcher.click (C:\Users\CZ0129\AppData\Local\Temp\playwright-java-1399059492355809948\package\lib\server\dispatchers\frameDispatcher.js:149:30)
    at DispatcherConnection.dispatch (C:\Users\CZ0129\AppData\Local\Temp\playwright-java-1399059492355809948\package\lib\server\dispatchers\dispatcher.js:319:46)
}
at com.microsoft.playwright.impl.Connection.dispatch(Connection.java:199)
at com.microsoft.playwright.impl.Connection.processOneMessage(Connection.java:181)
at com.microsoft.playwright.impl.ChannelOwner.runUntil(ChannelOwner.java:109)
... 38 more
]]>
    </failure>
  </testcase> <!-- createNewBooking -->
</testsuite> <!-- Default test -->
