<?xml version="1.0" encoding="UTF-8"?>
<testng-results ignored="0" total="1" passed="1" failed="0" skipped="0">
  <reporter-output>
  </reporter-output>
  <suite started-at="2023-06-07T16:52:30 IST" name="EWL Test PW Suite" finished-at="2023-06-07T16:53:18 IST" duration-ms="47322">
    <groups>
    </groups>
    <test started-at="2023-06-07T16:52:30 IST" name="Login Page Test" finished-at="2023-06-07T16:53:18 IST" duration-ms="47322">
      <class name="com.qa.ewl.tests.CreateBookingTest">
        <test-method is-config="true" signature="setup()[pri:0, instance:com.qa.ewl.tests.CreateBookingTest@f58853c]" started-at="2023-06-07T16:52:30 IST" name="setup" finished-at="2023-06-07T16:52:48 IST" duration-ms="17371" status="PASS">
          <reporter-output>
          </reporter-output>
        </test-method> <!-- setup -->
        <test-method signature="createNewBooking()[pri:0, instance:com.qa.ewl.tests.CreateBookingTest@f58853c]" started-at="2023-06-07T16:52:48 IST" name="createNewBooking" finished-at="2023-06-07T16:53:17 IST" duration-ms="29184" status="PASS">
          <reporter-output>
          </reporter-output>
        </test-method> <!-- createNewBooking -->
        <test-method is-config="true" signature="tearDown()[pri:0, instance:com.qa.ewl.tests.CreateBookingTest@f58853c]" started-at="2023-06-07T16:53:17 IST" name="tearDown" finished-at="2023-06-07T16:53:18 IST" duration-ms="692" status="PASS">
          <reporter-output>
          </reporter-output>
        </test-method> <!-- tearDown -->
      </class> <!-- com.qa.ewl.tests.CreateBookingTest -->
    </test> <!-- Login Page Test -->
  </suite> <!-- EWL Test PW Suite -->
</testng-results>
