<?xml version="1.0" encoding="UTF-8"?>
<testng-results ignored="0" total="1" passed="1" failed="0" skipped="0">
  <reporter-output>
  </reporter-output>
  <suite started-at="2023-06-11T09:59:52 IST" name="EWL Test PW Suite" finished-at="2023-06-11T10:00:50 IST" duration-ms="57682">
    <groups>
    </groups>
    <test started-at="2023-06-11T09:59:52 IST" name="Login Page Test" finished-at="2023-06-11T10:00:50 IST" duration-ms="57682">
      <class name="com.qa.ewl.tests.CreateBookingTest">
        <test-method is-config="true" signature="setup()[pri:0, instance:com.qa.ewl.tests.CreateBookingTest@15bb5034]" started-at="2023-06-11T09:59:52 IST" name="setup" finished-at="2023-06-11T10:00:06 IST" duration-ms="14047" status="PASS">
          <reporter-output>
          </reporter-output>
        </test-method> <!-- setup -->
        <test-method signature="createNewBooking()[pri:0, instance:com.qa.ewl.tests.CreateBookingTest@15bb5034]" started-at="2023-06-11T10:00:06 IST" name="createNewBooking" finished-at="2023-06-11T10:00:49 IST" duration-ms="43071" status="PASS">
          <reporter-output>
          </reporter-output>
        </test-method> <!-- createNewBooking -->
        <test-method is-config="true" signature="tearDown()[pri:0, instance:com.qa.ewl.tests.CreateBookingTest@15bb5034]" started-at="2023-06-11T10:00:50 IST" name="tearDown" finished-at="2023-06-11T10:00:50 IST" duration-ms="513" status="PASS">
          <reporter-output>
          </reporter-output>
        </test-method> <!-- tearDown -->
      </class> <!-- com.qa.ewl.tests.CreateBookingTest -->
    </test> <!-- Login Page Test -->
  </suite> <!-- EWL Test PW Suite -->
</testng-results>
